<?xml version="1.0" encoding="UTF-8"?>
<testsuites name="Web demo QA" time="222.526" tests="10" failures="0" errors="0">
   <testsuite name="Web demo QA" tests="10" failures="0" errors="0" time="222.526" skipped="0" timestamp="15-03-2025T04:56:16" hostname="anggatrinugraha - localhost" id="Test Suites/Web demo QA">
      <properties>
         <property name="deviceName" value=""/>
         <property name="devicePlatform"/>
         <property name="logFolder" value="/Users/anggatrinugraha/git/Web-testing/Reports/20250315_045610/Web demo QA/20250315_045611"/>
         <property name="logFiles" value="/Users/anggatrinugraha/git/Web-testing/Reports/20250315_045610/Web demo QA/20250315_045611/execution0.log"/>
         <property name="attachments" value=""/>
         <property name="hostName" value="anggatrinugraha - localhost"/>
         <property name="os" value="Mac OS X 64bit"/>
         <property name="katalonVersion" value="10.1.0.223"/>
         <property name="browser" value="Chrome 134.0.6998.89"/>
         <property name="hostAddress" value="127.0.0.1"/>
         <property name="sessionId" value="6c3f0c8f1ffff57f4392c94b76a57dd4"/>
         <property name="seleniumVersion" value="4.22.0"/>
         <property name="proxyInformation" value="ProxyInformation { proxyOption=NO_PROXY, proxyServerType=HTTP, username=, password=********, proxyServerAddress=, proxyServerPort=0, executionList=&quot;&quot;, isApplyToDesiredCapabilities=true }"/>
         <property name="platform" value="Mac OS X"/>
      </properties>
      <testcase name="Test Cases/POSITIVE - Text Box DemoQA" time="19.209" classname="Test Cases/POSITIVE - Text Box DemoQA" status="PASSED">
         <system-out><![CDATA[15-03-2025T04:56:16 - [TEST_CASE][PASSED] - Test Cases/POSITIVE - Text Box DemoQA: Test Cases/POSITIVE - Text Box DemoQA

15-03-2025T04:56:16 - [TEST_STEP][PASSED] - openBrowser(""): Browser is opened with url: ''

15-03-2025T04:56:16 - [MESSAGE][INFO] - Starting 'Chrome' driver

15-03-2025T04:56:16 - [MESSAGE][INFO] - Action delay is set to 0 milliseconds

15-03-2025T04:56:18 - [MESSAGE][PASSED] - Browser is opened with url: ''

15-03-2025T04:56:18 - [TEST_STEP][PASSED] - navigateToUrl("https://demoqa.com/"): Navigate to 'https://demoqa.com/' successfully

15-03-2025T04:56:19 - [MESSAGE][PASSED] - Navigate to 'https://demoqa.com/' successfully

15-03-2025T04:56:19 - [TEST_STEP][PASSED] - maximizeWindow(): Current window maximized

15-03-2025T04:56:23 - [MESSAGE][PASSED] - Current window maximized

15-03-2025T04:56:23 - [TEST_STEP][PASSED] - click(findTestObject("Page_DEMOQA/h5_Elements")): Object: 'Object Repository/Page_DEMOQA/h5_Elements' is clicked on

15-03-2025T04:56:24 - [MESSAGE][PASSED] - Object: 'Object Repository/Page_DEMOQA/h5_Elements' is clicked on

15-03-2025T04:56:24 - [TEST_STEP][PASSED] - click(findTestObject("Object Repository/Page_DEMOQA/li_Text Box")): Object: 'Object Repository/Page_DEMOQA/li_Text Box' is clicked on

15-03-2025T04:56:25 - [MESSAGE][PASSED] - Object: 'Object Repository/Page_DEMOQA/li_Text Box' is clicked on

15-03-2025T04:56:25 - [TEST_STEP][PASSED] - setText(findTestObject("Object Repository/Page_DEMOQA/input_Full Name_userName"), "angga"): Text 'angga' is set on object 'Object Repository/Page_DEMOQA/input_Full Name_userName'

15-03-2025T04:56:27 - [MESSAGE][PASSED] - Text 'angga' is set on object 'Object Repository/Page_DEMOQA/input_Full Name_userName'

15-03-2025T04:56:27 - [TEST_STEP][PASSED] - setText(findTestObject("Object Repository/Page_DEMOQA/input_Email_userEmail"), "anggatri78@gmail.com"): Text 'anggatri78@gmail.com' is set on object 'Object Repository/Page_DEMOQA/input_Email_userEmail'

15-03-2025T04:56:28 - [MESSAGE][PASSED] - Text 'anggatri78@gmail.com' is set on object 'Object Repository/Page_DEMOQA/input_Email_userEmail'

15-03-2025T04:56:28 - [TEST_STEP][PASSED] - setText(findTestObject("Object Repository/Page_DEMOQA/textarea_Current Address_currentAddress"), "anggatri78@gmail.com"): Text 'anggatri78@gmail.com' is set on object 'Object Repository/Page_DEMOQA/textarea_Current Address_currentAddress'

15-03-2025T04:56:28 - [MESSAGE][PASSED] - Text 'anggatri78@gmail.com' is set on object 'Object Repository/Page_DEMOQA/textarea_Current Address_currentAddress'

15-03-2025T04:56:28 - [TEST_STEP][PASSED] - setText(findTestObject("Object Repository/Page_DEMOQA/textarea_Permanent Address_permanentAddress"), "jalan kucica"): Text 'jalan kucica' is set on object 'Object Repository/Page_DEMOQA/textarea_Permanent Address_permanentAddress'

15-03-2025T04:56:29 - [MESSAGE][PASSED] - Text 'jalan kucica' is set on object 'Object Repository/Page_DEMOQA/textarea_Permanent Address_permanentAddress'

15-03-2025T04:56:29 - [TEST_STEP][PASSED] - click(findTestObject("Object Repository/Page_DEMOQA/button_Submit")): Object: 'Object Repository/Page_DEMOQA/button_Submit' is clicked on

15-03-2025T04:56:35 - [MESSAGE][PASSED] - Object: 'Object Repository/Page_DEMOQA/button_Submit' is clicked on]]></system-out>
         <system-err><![CDATA[]]></system-err>
      </testcase>
      <testcase name="Test Cases/POSITIVE - Radio Button DemoQA" time="10.383" classname="Test Cases/POSITIVE - Radio Button DemoQA" status="PASSED">
         <system-out><![CDATA[15-03-2025T04:56:35 - [TEST_CASE][PASSED] - Test Cases/POSITIVE - Radio Button DemoQA: Test Cases/POSITIVE - Radio Button DemoQA

15-03-2025T04:56:35 - [TEST_STEP][PASSED] - openBrowser(""): Browser is opened with url: ''

15-03-2025T04:56:35 - [MESSAGE][WARNING] - A browser is already opened. Closing browser and opening a new one

15-03-2025T04:56:35 - [MESSAGE][INFO] - Starting 'Chrome' driver

15-03-2025T04:56:35 - [MESSAGE][INFO] - Action delay is set to 0 milliseconds

15-03-2025T04:56:37 - [MESSAGE][PASSED] - Browser is opened with url: ''

15-03-2025T04:56:37 - [TEST_STEP][PASSED] - navigateToUrl("https://demoqa.com/"): Navigate to 'https://demoqa.com/' successfully

15-03-2025T04:56:41 - [MESSAGE][PASSED] - Navigate to 'https://demoqa.com/' successfully

15-03-2025T04:56:41 - [TEST_STEP][PASSED] - maximizeWindow(): Current window maximized

15-03-2025T04:56:42 - [MESSAGE][PASSED] - Current window maximized

15-03-2025T04:56:42 - [TEST_STEP][PASSED] - click(findTestObject("Page_DEMOQA/h5_Elements")): Object: 'Object Repository/Page_DEMOQA/h5_Elements' is clicked on

15-03-2025T04:56:43 - [MESSAGE][PASSED] - Object: 'Object Repository/Page_DEMOQA/h5_Elements' is clicked on

15-03-2025T04:56:43 - [TEST_STEP][PASSED] - click(findTestObject("Object Repository/Page_DEMOQA/li_Radio Button")): Object: 'Object Repository/Page_DEMOQA/li_Radio Button' is clicked on

15-03-2025T04:56:44 - [MESSAGE][PASSED] - Object: 'Object Repository/Page_DEMOQA/li_Radio Button' is clicked on

15-03-2025T04:56:44 - [TEST_STEP][PASSED] - click(findTestObject("Object Repository/Page_DEMOQA/label_Yes")): Object: 'Object Repository/Page_DEMOQA/label_Yes' is clicked on

15-03-2025T04:56:45 - [MESSAGE][PASSED] - Object: 'Object Repository/Page_DEMOQA/label_Yes' is clicked on

15-03-2025T04:56:45 - [TEST_STEP][PASSED] - click(findTestObject("Object Repository/Page_DEMOQA/label_Impressive")): Object: 'Object Repository/Page_DEMOQA/label_Impressive' is clicked on

15-03-2025T04:56:46 - [MESSAGE][PASSED] - Object: 'Object Repository/Page_DEMOQA/label_Impressive' is clicked on]]></system-out>
         <system-err><![CDATA[]]></system-err>
      </testcase>
      <testcase name="Test Cases/POSITIVE - Edit Table DemoQA" time="17.356" classname="Test Cases/POSITIVE - Edit Table DemoQA" status="PASSED">
         <system-out><![CDATA[15-03-2025T04:56:46 - [TEST_CASE][PASSED] - Test Cases/POSITIVE - Edit Table DemoQA: Test Cases/POSITIVE - Edit Table DemoQA

15-03-2025T04:56:46 - [TEST_STEP][PASSED] - openBrowser(""): Browser is opened with url: ''

15-03-2025T04:56:46 - [MESSAGE][WARNING] - A browser is already opened. Closing browser and opening a new one

15-03-2025T04:56:46 - [MESSAGE][INFO] - Starting 'Chrome' driver

15-03-2025T04:56:46 - [MESSAGE][INFO] - Action delay is set to 0 milliseconds

15-03-2025T04:56:47 - [MESSAGE][PASSED] - Browser is opened with url: ''

15-03-2025T04:56:47 - [TEST_STEP][PASSED] - navigateToUrl("https://demoqa.com/"): Navigate to 'https://demoqa.com/' successfully

15-03-2025T04:56:54 - [MESSAGE][PASSED] - Navigate to 'https://demoqa.com/' successfully

15-03-2025T04:56:54 - [TEST_STEP][PASSED] - maximizeWindow(): Current window maximized

15-03-2025T04:56:54 - [MESSAGE][PASSED] - Current window maximized

15-03-2025T04:56:54 - [TEST_STEP][PASSED] - click(findTestObject("Page_DEMOQA/h5_Elements")): Object: 'Object Repository/Page_DEMOQA/h5_Elements' is clicked on

15-03-2025T04:56:55 - [MESSAGE][PASSED] - Object: 'Object Repository/Page_DEMOQA/h5_Elements' is clicked on

15-03-2025T04:56:55 - [TEST_STEP][PASSED] - click(findTestObject("Object Repository/Page_DEMOQA/li_Web Tables")): Object: 'Object Repository/Page_DEMOQA/li_Web Tables' is clicked on

15-03-2025T04:56:56 - [MESSAGE][PASSED] - Object: 'Object Repository/Page_DEMOQA/li_Web Tables' is clicked on

15-03-2025T04:56:56 - [TEST_STEP][PASSED] - setText(findTestObject("Object Repository/Page_DEMOQA/input_Add_searchBox"), ""): Text '' is set on object 'Object Repository/Page_DEMOQA/input_Add_searchBox'

15-03-2025T04:56:58 - [MESSAGE][PASSED] - Text '' is set on object 'Object Repository/Page_DEMOQA/input_Add_searchBox'

15-03-2025T04:56:58 - [TEST_STEP][PASSED] - click(findTestObject("Object Repository/Page_DEMOQA/svg_1")): Object: 'Object Repository/Page_DEMOQA/svg_1' is clicked on

15-03-2025T04:56:58 - [MESSAGE][PASSED] - Object: 'Object Repository/Page_DEMOQA/svg_1' is clicked on

15-03-2025T04:56:58 - [TEST_STEP][PASSED] - setText(findTestObject("Object Repository/Page_DEMOQA/input_First Name_firstName"), "angga"): Text 'angga' is set on object 'Object Repository/Page_DEMOQA/input_First Name_firstName'

15-03-2025T04:56:59 - [MESSAGE][PASSED] - Text 'angga' is set on object 'Object Repository/Page_DEMOQA/input_First Name_firstName'

15-03-2025T04:56:59 - [TEST_STEP][PASSED] - setText(findTestObject("Object Repository/Page_DEMOQA/input_Last Name_lastName"), "trinugraha"): Text 'trinugraha' is set on object 'Object Repository/Page_DEMOQA/input_Last Name_lastName'

15-03-2025T04:57:00 - [MESSAGE][PASSED] - Text 'trinugraha' is set on object 'Object Repository/Page_DEMOQA/input_Last Name_lastName'

15-03-2025T04:57:00 - [TEST_STEP][PASSED] - setText(findTestObject("Object Repository/Page_DEMOQA/input_Age_age"), "18"): Text '18' is set on object 'Object Repository/Page_DEMOQA/input_Age_age'

15-03-2025T04:57:00 - [MESSAGE][PASSED] - Text '18' is set on object 'Object Repository/Page_DEMOQA/input_Age_age'

15-03-2025T04:57:00 - [TEST_STEP][PASSED] - setText(findTestObject("Object Repository/Page_DEMOQA/input_Email_userEmail"), "cierra@example.com"): Text 'cierra@example.com' is set on object 'Object Repository/Page_DEMOQA/input_Email_userEmail'

15-03-2025T04:57:01 - [MESSAGE][PASSED] - Text 'cierra@example.com' is set on object 'Object Repository/Page_DEMOQA/input_Email_userEmail'

15-03-2025T04:57:01 - [TEST_STEP][PASSED] - click(findTestObject("Object Repository/Page_DEMOQA/input_Email_userEmail")): Object: 'Object Repository/Page_DEMOQA/input_Email_userEmail' is clicked on

15-03-2025T04:57:01 - [MESSAGE][PASSED] - Object: 'Object Repository/Page_DEMOQA/input_Email_userEmail' is clicked on

15-03-2025T04:57:01 - [TEST_STEP][PASSED] - setText(findTestObject("Object Repository/Page_DEMOQA/input_Email_userEmail"), "anggatri78@gmail.com"): Text 'anggatri78@gmail.com' is set on object 'Object Repository/Page_DEMOQA/input_Email_userEmail'

15-03-2025T04:57:01 - [MESSAGE][PASSED] - Text 'anggatri78@gmail.com' is set on object 'Object Repository/Page_DEMOQA/input_Email_userEmail'

15-03-2025T04:57:01 - [TEST_STEP][PASSED] - setText(findTestObject("Object Repository/Page_DEMOQA/input_Salary_salary"), "500000000"): Text '500000000' is set on object 'Object Repository/Page_DEMOQA/input_Salary_salary'

15-03-2025T04:57:02 - [MESSAGE][PASSED] - Text '500000000' is set on object 'Object Repository/Page_DEMOQA/input_Salary_salary'

15-03-2025T04:57:02 - [TEST_STEP][PASSED] - click(findTestObject("Object Repository/Page_DEMOQA/button_Submit")): Object: 'Object Repository/Page_DEMOQA/button_Submit' is clicked on

15-03-2025T04:57:02 - [MESSAGE][PASSED] - Object: 'Object Repository/Page_DEMOQA/button_Submit' is clicked on

15-03-2025T04:57:02 - [TEST_STEP][PASSED] - setText(findTestObject("Object Repository/Page_DEMOQA/input_Add_searchBox"), "angga"): Text 'angga' is set on object 'Object Repository/Page_DEMOQA/input_Add_searchBox'

15-03-2025T04:57:03 - [MESSAGE][PASSED] - Text 'angga' is set on object 'Object Repository/Page_DEMOQA/input_Add_searchBox']]></system-out>
         <system-err><![CDATA[]]></system-err>
      </testcase>
      <testcase name="Test Cases/POSITIVE - Chekbox DemoQA" time="11.609" classname="Test Cases/POSITIVE - Chekbox DemoQA" status="PASSED">
         <system-out><![CDATA[15-03-2025T04:57:03 - [TEST_CASE][PASSED] - Test Cases/POSITIVE - Chekbox DemoQA: Test Cases/POSITIVE - Chekbox DemoQA

15-03-2025T04:57:03 - [TEST_STEP][PASSED] - openBrowser(""): Browser is opened with url: ''

15-03-2025T04:57:03 - [MESSAGE][WARNING] - A browser is already opened. Closing browser and opening a new one

15-03-2025T04:57:03 - [MESSAGE][INFO] - Starting 'Chrome' driver

15-03-2025T04:57:03 - [MESSAGE][INFO] - Action delay is set to 0 milliseconds

15-03-2025T04:57:04 - [MESSAGE][PASSED] - Browser is opened with url: ''

15-03-2025T04:57:04 - [TEST_STEP][PASSED] - navigateToUrl("https://demoqa.com/"): Navigate to 'https://demoqa.com/' successfully

15-03-2025T04:57:11 - [MESSAGE][PASSED] - Navigate to 'https://demoqa.com/' successfully

15-03-2025T04:57:11 - [TEST_STEP][PASSED] - maximizeWindow(): Current window maximized

15-03-2025T04:57:12 - [MESSAGE][PASSED] - Current window maximized

15-03-2025T04:57:12 - [TEST_STEP][PASSED] - click(findTestObject("Page_DEMOQA/h5_Elements")): Object: 'Object Repository/Page_DEMOQA/h5_Elements' is clicked on

15-03-2025T04:57:12 - [MESSAGE][PASSED] - Object: 'Object Repository/Page_DEMOQA/h5_Elements' is clicked on

15-03-2025T04:57:12 - [TEST_STEP][PASSED] - click(findTestObject("Object Repository/Page_DEMOQA/li_Check Box")): Object: 'Object Repository/Page_DEMOQA/li_Check Box' is clicked on

15-03-2025T04:57:14 - [MESSAGE][PASSED] - Object: 'Object Repository/Page_DEMOQA/li_Check Box' is clicked on

15-03-2025T04:57:14 - [TEST_STEP][PASSED] - click(findTestObject("Object Repository/Page_DEMOQA/svg_Check Box_rct-icon rct-icon-uncheck")): Object: 'Object Repository/Page_DEMOQA/svg_Check Box_rct-icon rct-icon-uncheck' is clicked on

15-03-2025T04:57:15 - [MESSAGE][PASSED] - Object: 'Object Repository/Page_DEMOQA/svg_Check Box_rct-icon rct-icon-uncheck' is clicked on]]></system-out>
         <system-err><![CDATA[]]></system-err>
      </testcase>
      <testcase name="Test Cases/POSITIVE - Open Link Home DemoQA" time="9.24" classname="Test Cases/POSITIVE - Open Link Home DemoQA" status="PASSED">
         <system-out><![CDATA[15-03-2025T04:57:15 - [TEST_CASE][PASSED] - Test Cases/POSITIVE - Open Link Home DemoQA: Test Cases/POSITIVE - Open Link Home DemoQA

15-03-2025T04:57:15 - [TEST_STEP][PASSED] - openBrowser(""): Browser is opened with url: ''

15-03-2025T04:57:15 - [MESSAGE][WARNING] - A browser is already opened. Closing browser and opening a new one

15-03-2025T04:57:15 - [MESSAGE][INFO] - Starting 'Chrome' driver

15-03-2025T04:57:15 - [MESSAGE][INFO] - Action delay is set to 0 milliseconds

15-03-2025T04:57:16 - [MESSAGE][PASSED] - Browser is opened with url: ''

15-03-2025T04:57:16 - [TEST_STEP][PASSED] - navigateToUrl("https://demoqa.com/"): Navigate to 'https://demoqa.com/' successfully

15-03-2025T04:57:21 - [MESSAGE][PASSED] - Navigate to 'https://demoqa.com/' successfully

15-03-2025T04:57:21 - [TEST_STEP][PASSED] - maximizeWindow(): Current window maximized

15-03-2025T04:57:21 - [MESSAGE][PASSED] - Current window maximized

15-03-2025T04:57:21 - [TEST_STEP][PASSED] - click(findTestObject("Page_DEMOQA/h5_Elements")): Object: 'Object Repository/Page_DEMOQA/h5_Elements' is clicked on

15-03-2025T04:57:22 - [MESSAGE][PASSED] - Object: 'Object Repository/Page_DEMOQA/h5_Elements' is clicked on

15-03-2025T04:57:22 - [TEST_STEP][PASSED] - click(findTestObject("Object Repository/Page_DEMOQA/li_Links")): Object: 'Object Repository/Page_DEMOQA/li_Links' is clicked on

15-03-2025T04:57:23 - [MESSAGE][PASSED] - Object: 'Object Repository/Page_DEMOQA/li_Links' is clicked on

15-03-2025T04:57:23 - [TEST_STEP][PASSED] - click(findTestObject("Object Repository/Page_DEMOQA/a_Home")): Object: 'Object Repository/Page_DEMOQA/a_Home' is clicked on

15-03-2025T04:57:24 - [MESSAGE][PASSED] - Object: 'Object Repository/Page_DEMOQA/a_Home' is clicked on]]></system-out>
         <system-err><![CDATA[]]></system-err>
      </testcase>
      <testcase name="Test Cases/POSITIVE - Click Button DemoQA" time="46.73" classname="Test Cases/POSITIVE - Click Button DemoQA" status="PASSED">
         <system-out><![CDATA[15-03-2025T04:57:24 - [TEST_CASE][PASSED] - Test Cases/POSITIVE - Click Button DemoQA: Test Cases/POSITIVE - Click Button DemoQA

15-03-2025T04:57:24 - [TEST_STEP][PASSED] - openBrowser(""): Browser is opened with url: ''

15-03-2025T04:57:24 - [MESSAGE][WARNING] - A browser is already opened. Closing browser and opening a new one

15-03-2025T04:57:24 - [MESSAGE][INFO] - Starting 'Chrome' driver

15-03-2025T04:57:24 - [MESSAGE][INFO] - Action delay is set to 0 milliseconds

15-03-2025T04:57:25 - [MESSAGE][PASSED] - Browser is opened with url: ''

15-03-2025T04:57:25 - [TEST_STEP][PASSED] - navigateToUrl("https://demoqa.com/"): Navigate to 'https://demoqa.com/' successfully

15-03-2025T04:57:32 - [MESSAGE][PASSED] - Navigate to 'https://demoqa.com/' successfully

15-03-2025T04:57:32 - [TEST_STEP][PASSED] - maximizeWindow(): Current window maximized

15-03-2025T04:57:32 - [MESSAGE][PASSED] - Current window maximized

15-03-2025T04:57:32 - [TEST_STEP][PASSED] - delay(2): Delayed 2 second(s)

15-03-2025T04:57:34 - [MESSAGE][PASSED] - Delayed 2 second(s)

15-03-2025T04:57:34 - [TEST_STEP][PASSED] - click(findTestObject("Page_DEMOQA/h5_Elements")): Object: 'Object Repository/Page_DEMOQA/h5_Elements' is clicked on

15-03-2025T04:57:35 - [MESSAGE][PASSED] - Object: 'Object Repository/Page_DEMOQA/h5_Elements' is clicked on

15-03-2025T04:57:35 - [TEST_STEP][PASSED] - click(findTestObject("Object Repository/Page_DEMOQA/li_Buttons")): Object: 'Object Repository/Page_DEMOQA/li_Buttons' is clicked on

15-03-2025T04:57:36 - [MESSAGE][PASSED] - Object: 'Object Repository/Page_DEMOQA/li_Buttons' is clicked on

15-03-2025T04:57:36 - [TEST_STEP][PASSED] - doubleClick(findTestObject("Object Repository/Page_DEMOQA/button_Double Click Me")): Object: 'Object Repository/Page_DEMOQA/button_Double Click Me' is double clicked on

15-03-2025T04:57:39 - [MESSAGE][PASSED] - Object: 'Object Repository/Page_DEMOQA/button_Double Click Me' is double clicked on

15-03-2025T04:57:39 - [TEST_STEP][PASSED] - rightClick(findTestObject("Object Repository/Page_DEMOQA/button_Right Click Me")): Object: 'Object Repository/Page_DEMOQA/button_Right Click Me' is right clicked on

15-03-2025T04:57:39 - [MESSAGE][PASSED] - Object: 'Object Repository/Page_DEMOQA/button_Right Click Me' is right clicked on

15-03-2025T04:57:39 - [TEST_STEP][PASSED] - click(findTestObject("Object Repository/Page_DEMOQA/button_Click Me")): Object: 'Object Repository/Page_DEMOQA/button_Click Me' is clicked on

15-03-2025T04:58:10 - [MESSAGE][INFO] - Unable to find the element located by 'By.xpath: //button[@id='zUSk3']'. Please recheck the objects properties to make sure the desired element is located. 

15-03-2025T04:58:10 - [MESSAGE][WARNING] - [SELF-HEALING] Failed to find element with id 'Object Repository/Page_DEMOQA/button_Click Me'. Try using Self-healing.

15-03-2025T04:58:11 - [MESSAGE][WARNING] - [SELF-HEALING] The current locator of test object 'Object Repository/Page_DEMOQA/button_Click Me' was broken. Propose an alternative one: '//div[@id='app']/div/div/div/div[2]/div[2]/div[3]/button'.

15-03-2025T04:58:11 - [MESSAGE][PASSED] - Object: 'Object Repository/Page_DEMOQA/button_Click Me' is clicked on]]></system-out>
         <system-err><![CDATA[]]></system-err>
      </testcase>
      <testcase name="Test Cases/POSITIVE - Add Table DemoQA" time="10.795" classname="Test Cases/POSITIVE - Add Table DemoQA" status="PASSED">
         <system-out><![CDATA[15-03-2025T04:58:11 - [TEST_CASE][PASSED] - Test Cases/POSITIVE - Add Table DemoQA: Test Cases/POSITIVE - Add Table DemoQA

15-03-2025T04:58:11 - [TEST_STEP][PASSED] - openBrowser(""): Browser is opened with url: ''

15-03-2025T04:58:11 - [MESSAGE][WARNING] - A browser is already opened. Closing browser and opening a new one

15-03-2025T04:58:11 - [MESSAGE][INFO] - Starting 'Chrome' driver

15-03-2025T04:58:11 - [MESSAGE][INFO] - Action delay is set to 0 milliseconds

15-03-2025T04:58:12 - [MESSAGE][PASSED] - Browser is opened with url: ''

15-03-2025T04:58:12 - [TEST_STEP][PASSED] - navigateToUrl("https://www.saucedemo.com/"): Navigate to 'https://www.saucedemo.com/' successfully

15-03-2025T04:58:12 - [MESSAGE][PASSED] - Navigate to 'https://www.saucedemo.com/' successfully

15-03-2025T04:58:12 - [TEST_STEP][PASSED] - setText(findTestObject("Object Repository/Page_Swag Labs/input_Swag Labs_user-name"), "strandard_user"): Text 'strandard_user' is set on object 'Object Repository/Page_Swag Labs/input_Swag Labs_user-name'

15-03-2025T04:58:14 - [MESSAGE][PASSED] - Text 'strandard_user' is set on object 'Object Repository/Page_Swag Labs/input_Swag Labs_user-name'

15-03-2025T04:58:14 - [TEST_STEP][PASSED] - click(findTestObject("Object Repository/Page_Swag Labs/div_Swag Labs_error-message-container")): Object: 'Object Repository/Page_Swag Labs/div_Swag Labs_error-message-container' is clicked on

15-03-2025T04:58:15 - [MESSAGE][PASSED] - Object: 'Object Repository/Page_Swag Labs/div_Swag Labs_error-message-container' is clicked on

15-03-2025T04:58:15 - [TEST_STEP][PASSED] - setText(findTestObject("Object Repository/Page_Swag Labs/input_Swag Labs_user-name"), "standard_user"): Text 'standard_user' is set on object 'Object Repository/Page_Swag Labs/input_Swag Labs_user-name'

15-03-2025T04:58:15 - [MESSAGE][PASSED] - Text 'standard_user' is set on object 'Object Repository/Page_Swag Labs/input_Swag Labs_user-name'

15-03-2025T04:58:15 - [TEST_STEP][PASSED] - setEncryptedText(findTestObject("Object Repository/Page_Swag Labs/input_Swag Labs_password"), "qcu24s4901FyWDTwXGr6XA=="): Text ****** has been set on object 'Object Repository/Page_Swag Labs/input_Swag Labs_password'

15-03-2025T04:58:16 - [MESSAGE][PASSED] - Text ****** has been set on object 'Object Repository/Page_Swag Labs/input_Swag Labs_password'

15-03-2025T04:58:16 - [TEST_STEP][PASSED] - sendKeys(findTestObject("Object Repository/Page_Swag Labs/input_Swag Labs_password"), Keys.chord(ENTER)): Keys 'ENTER + ' sent to object: 'Object Repository/Page_Swag Labs/input_Swag Labs_password'

15-03-2025T04:58:16 - [MESSAGE][PASSED] - Keys 'ENTER + ' sent to object: 'Object Repository/Page_Swag Labs/input_Swag Labs_password'

15-03-2025T04:58:16 - [TEST_STEP][PASSED] - click(findTestObject("Object Repository/Page_Swag Labs/button_Add to cart")): Object: 'Object Repository/Page_Swag Labs/button_Add to cart' is clicked on

15-03-2025T04:58:16 - [MESSAGE][PASSED] - Object: 'Object Repository/Page_Swag Labs/button_Add to cart' is clicked on

15-03-2025T04:58:16 - [TEST_STEP][PASSED] - click(findTestObject("Object Repository/Page_Swag Labs/button_Add to cart_1")): Object: 'Object Repository/Page_Swag Labs/button_Add to cart_1' is clicked on

15-03-2025T04:58:17 - [MESSAGE][PASSED] - Object: 'Object Repository/Page_Swag Labs/button_Add to cart_1' is clicked on

15-03-2025T04:58:17 - [TEST_STEP][PASSED] - click(findTestObject("Object Repository/Page_Swag Labs/a_2")): Object: 'Object Repository/Page_Swag Labs/a_2' is clicked on

15-03-2025T04:58:17 - [MESSAGE][PASSED] - Object: 'Object Repository/Page_Swag Labs/a_2' is clicked on

15-03-2025T04:58:17 - [TEST_STEP][PASSED] - click(findTestObject("Object Repository/Page_Swag Labs/button_Checkout")): Object: 'Object Repository/Page_Swag Labs/button_Checkout' is clicked on

15-03-2025T04:58:18 - [MESSAGE][PASSED] - Object: 'Object Repository/Page_Swag Labs/button_Checkout' is clicked on

15-03-2025T04:58:18 - [TEST_STEP][PASSED] - setText(findTestObject("Object Repository/Page_Swag Labs/input_Checkout Your Information_firstName"), "angga"): Text 'angga' is set on object 'Object Repository/Page_Swag Labs/input_Checkout Your Information_firstName'

15-03-2025T04:58:19 - [MESSAGE][PASSED] - Text 'angga' is set on object 'Object Repository/Page_Swag Labs/input_Checkout Your Information_firstName'

15-03-2025T04:58:19 - [TEST_STEP][PASSED] - setText(findTestObject("Object Repository/Page_Swag Labs/input_Checkout Your Information_lastName"), "trinugraha"): Text 'trinugraha' is set on object 'Object Repository/Page_Swag Labs/input_Checkout Your Information_lastName'

15-03-2025T04:58:19 - [MESSAGE][PASSED] - Text 'trinugraha' is set on object 'Object Repository/Page_Swag Labs/input_Checkout Your Information_lastName'

15-03-2025T04:58:19 - [TEST_STEP][PASSED] - setText(findTestObject("Object Repository/Page_Swag Labs/input_Checkout Your Information_postalCode"), "16451"): Text '16451' is set on object 'Object Repository/Page_Swag Labs/input_Checkout Your Information_postalCode'

15-03-2025T04:58:20 - [MESSAGE][PASSED] - Text '16451' is set on object 'Object Repository/Page_Swag Labs/input_Checkout Your Information_postalCode'

15-03-2025T04:58:20 - [TEST_STEP][PASSED] - click(findTestObject("Object Repository/Page_Swag Labs/input_Cancel_continue")): Object: 'Object Repository/Page_Swag Labs/input_Cancel_continue' is clicked on

15-03-2025T04:58:20 - [MESSAGE][PASSED] - Object: 'Object Repository/Page_Swag Labs/input_Cancel_continue' is clicked on

15-03-2025T04:58:20 - [TEST_STEP][PASSED] - click(findTestObject("Object Repository/Page_Swag Labs/button_Finish")): Object: 'Object Repository/Page_Swag Labs/button_Finish' is clicked on

15-03-2025T04:58:21 - [MESSAGE][PASSED] - Object: 'Object Repository/Page_Swag Labs/button_Finish' is clicked on

15-03-2025T04:58:21 - [TEST_STEP][PASSED] - click(findTestObject("Object Repository/Page_Swag Labs/button_Back Home")): Object: 'Object Repository/Page_Swag Labs/button_Back Home' is clicked on

15-03-2025T04:58:21 - [MESSAGE][PASSED] - Object: 'Object Repository/Page_Swag Labs/button_Back Home' is clicked on]]></system-out>
         <system-err><![CDATA[]]></system-err>
      </testcase>
      <testcase name="Test Cases/POSITIVE - Date Picker DemoQA" time="28.752" classname="Test Cases/POSITIVE - Date Picker DemoQA" status="PASSED">
         <system-out><![CDATA[15-03-2025T04:58:21 - [TEST_CASE][PASSED] - Test Cases/POSITIVE - Date Picker DemoQA: Test Cases/POSITIVE - Date Picker DemoQA

15-03-2025T04:58:21 - [TEST_STEP][PASSED] - openBrowser(""): Browser is opened with url: ''

15-03-2025T04:58:21 - [MESSAGE][WARNING] - A browser is already opened. Closing browser and opening a new one

15-03-2025T04:58:22 - [MESSAGE][INFO] - Starting 'Chrome' driver

15-03-2025T04:58:22 - [MESSAGE][INFO] - Action delay is set to 0 milliseconds

15-03-2025T04:58:22 - [MESSAGE][PASSED] - Browser is opened with url: ''

15-03-2025T04:58:22 - [TEST_STEP][PASSED] - navigateToUrl("https://demoqa.com/"): Navigate to 'https://demoqa.com/' successfully

15-03-2025T04:58:23 - [MESSAGE][PASSED] - Navigate to 'https://demoqa.com/' successfully

15-03-2025T04:58:23 - [TEST_STEP][PASSED] - maximizeWindow(): Current window maximized

15-03-2025T04:58:29 - [MESSAGE][PASSED] - Current window maximized

15-03-2025T04:58:29 - [TEST_STEP][PASSED] - click(findTestObject("Page_DEMOQA/h5_Elements")): Object: 'Object Repository/Page_DEMOQA/h5_Elements' is clicked on

15-03-2025T04:58:30 - [MESSAGE][PASSED] - Object: 'Object Repository/Page_DEMOQA/h5_Elements' is clicked on

15-03-2025T04:58:30 - [TEST_STEP][PASSED] - scrollToElement(findTestObject("Page_DEMOQA/div_Widgets"), 0): Scroll to object 'Object Repository/Page_DEMOQA/div_Widgets' successfully

15-03-2025T04:58:30 - [MESSAGE][WARNING] - Timeout '0' is invalid. Using default page load timeout: '30'

15-03-2025T04:58:31 - [MESSAGE][PASSED] - Scroll to object 'Object Repository/Page_DEMOQA/div_Widgets' successfully

15-03-2025T04:58:31 - [TEST_STEP][PASSED] - click(findTestObject("Page_DEMOQA/div_Widgets")): Object: 'Object Repository/Page_DEMOQA/div_Widgets' is clicked on

15-03-2025T04:58:32 - [MESSAGE][PASSED] - Object: 'Object Repository/Page_DEMOQA/div_Widgets' is clicked on

15-03-2025T04:58:32 - [TEST_STEP][PASSED] - click(findTestObject("Object Repository/Page_DEMOQA/span_Date Picker")): Object: 'Object Repository/Page_DEMOQA/span_Date Picker' is clicked on

15-03-2025T04:58:33 - [MESSAGE][PASSED] - Object: 'Object Repository/Page_DEMOQA/span_Date Picker' is clicked on

15-03-2025T04:58:33 - [TEST_STEP][PASSED] - click(findTestObject("Object Repository/Page_DEMOQA/input_Select Date_datePickerMonthYearInput")): Object: 'Object Repository/Page_DEMOQA/input_Select Date_datePickerMonthYearInput' is clicked on

15-03-2025T04:58:33 - [MESSAGE][PASSED] - Object: 'Object Repository/Page_DEMOQA/input_Select Date_datePickerMonthYearInput' is clicked on

15-03-2025T04:58:33 - [TEST_STEP][PASSED] - selectOptionByValue(findTestObject("Object Repository/Page_DEMOQA/select_190019011902190319041905190619071908_246ee1"), "1998", true): All options with value '1998' are selected in object 'Object Repository/Page_DEMOQA/select_190019011902190319041905190619071908_246ee1'  using regular expression

15-03-2025T04:58:35 - [MESSAGE][PASSED] - All options with value '1998' are selected in object 'Object Repository/Page_DEMOQA/select_190019011902190319041905190619071908_246ee1'  using regular expression

15-03-2025T04:58:35 - [TEST_STEP][PASSED] - selectOptionByValue(findTestObject("Object Repository/Page_DEMOQA/select_JanuaryFebruaryMarchAprilMayJuneJuly_566629"), "9", true): All options with value '9' are selected in object 'Object Repository/Page_DEMOQA/select_JanuaryFebruaryMarchAprilMayJuneJuly_566629'  using regular expression

15-03-2025T04:58:36 - [MESSAGE][PASSED] - All options with value '9' are selected in object 'Object Repository/Page_DEMOQA/select_JanuaryFebruaryMarchAprilMayJuneJuly_566629'  using regular expression

15-03-2025T04:58:36 - [TEST_STEP][PASSED] - click(findTestObject("Object Repository/Page_DEMOQA/div_15")): Object: 'Object Repository/Page_DEMOQA/div_15' is clicked on

15-03-2025T04:58:37 - [MESSAGE][PASSED] - Object: 'Object Repository/Page_DEMOQA/div_15' is clicked on

15-03-2025T04:58:37 - [TEST_STEP][PASSED] - click(findTestObject("Object Repository/Page_DEMOQA/input_Date And Time_dateAndTimePickerInput")): Object: 'Object Repository/Page_DEMOQA/input_Date And Time_dateAndTimePickerInput' is clicked on

15-03-2025T04:58:37 - [MESSAGE][PASSED] - Object: 'Object Repository/Page_DEMOQA/input_Date And Time_dateAndTimePickerInput' is clicked on

15-03-2025T04:58:37 - [TEST_STEP][PASSED] - click(findTestObject("Object Repository/Page_DEMOQA/span_March_react-datepicker__year-read-view_281a40")): Object: 'Object Repository/Page_DEMOQA/span_March_react-datepicker__year-read-view_281a40' is clicked on

15-03-2025T04:58:38 - [MESSAGE][PASSED] - Object: 'Object Repository/Page_DEMOQA/span_March_react-datepicker__year-read-view_281a40' is clicked on

15-03-2025T04:58:38 - [TEST_STEP][PASSED] - click(findTestObject("Page_DEMOQA/a__react-datepicker__navigation react-datepicker__navigation--years react-datepicker__navigation--years-previous")): Object: 'Object Repository/Page_DEMOQA/a__react-datepicker__navigation react-datepicker__navigation--years react-datepicker__navigation--years-previous' is clicked on

15-03-2025T04:58:38 - [MESSAGE][PASSED] - Object: 'Object Repository/Page_DEMOQA/a__react-datepicker__navigation react-datepicker__navigation--years react-datepicker__navigation--years-previous' is clicked on

15-03-2025T04:58:38 - [TEST_STEP][PASSED] - click(findTestObject("Page_DEMOQA/a__react-datepicker__navigation react-datepicker__navigation--years react-datepicker__navigation--years-previous")): Object: 'Object Repository/Page_DEMOQA/a__react-datepicker__navigation react-datepicker__navigation--years react-datepicker__navigation--years-previous' is clicked on

15-03-2025T04:58:38 - [MESSAGE][PASSED] - Object: 'Object Repository/Page_DEMOQA/a__react-datepicker__navigation react-datepicker__navigation--years react-datepicker__navigation--years-previous' is clicked on

15-03-2025T04:58:38 - [TEST_STEP][PASSED] - click(findTestObject("Page_DEMOQA/a__react-datepicker__navigation react-datepicker__navigation--years react-datepicker__navigation--years-previous")): Object: 'Object Repository/Page_DEMOQA/a__react-datepicker__navigation react-datepicker__navigation--years react-datepicker__navigation--years-previous' is clicked on

15-03-2025T04:58:39 - [MESSAGE][PASSED] - Object: 'Object Repository/Page_DEMOQA/a__react-datepicker__navigation react-datepicker__navigation--years react-datepicker__navigation--years-previous' is clicked on

15-03-2025T04:58:39 - [TEST_STEP][PASSED] - click(findTestObject("Page_DEMOQA/a__react-datepicker__navigation react-datepicker__navigation--years react-datepicker__navigation--years-previous")): Object: 'Object Repository/Page_DEMOQA/a__react-datepicker__navigation react-datepicker__navigation--years react-datepicker__navigation--years-previous' is clicked on

15-03-2025T04:58:39 - [MESSAGE][PASSED] - Object: 'Object Repository/Page_DEMOQA/a__react-datepicker__navigation react-datepicker__navigation--years react-datepicker__navigation--years-previous' is clicked on

15-03-2025T04:58:39 - [TEST_STEP][PASSED] - click(findTestObject("Page_DEMOQA/a__react-datepicker__navigation react-datepicker__navigation--years react-datepicker__navigation--years-previous")): Object: 'Object Repository/Page_DEMOQA/a__react-datepicker__navigation react-datepicker__navigation--years react-datepicker__navigation--years-previous' is clicked on

15-03-2025T04:58:40 - [MESSAGE][PASSED] - Object: 'Object Repository/Page_DEMOQA/a__react-datepicker__navigation react-datepicker__navigation--years react-datepicker__navigation--years-previous' is clicked on

15-03-2025T04:58:40 - [TEST_STEP][PASSED] - click(findTestObject("Page_DEMOQA/a__react-datepicker__navigation react-datepicker__navigation--years react-datepicker__navigation--years-previous")): Object: 'Object Repository/Page_DEMOQA/a__react-datepicker__navigation react-datepicker__navigation--years react-datepicker__navigation--years-previous' is clicked on

15-03-2025T04:58:40 - [MESSAGE][PASSED] - Object: 'Object Repository/Page_DEMOQA/a__react-datepicker__navigation react-datepicker__navigation--years react-datepicker__navigation--years-previous' is clicked on

15-03-2025T04:58:40 - [TEST_STEP][PASSED] - click(findTestObject("Page_DEMOQA/a__react-datepicker__navigation react-datepicker__navigation--years react-datepicker__navigation--years-previous")): Object: 'Object Repository/Page_DEMOQA/a__react-datepicker__navigation react-datepicker__navigation--years react-datepicker__navigation--years-previous' is clicked on

15-03-2025T04:58:41 - [MESSAGE][PASSED] - Object: 'Object Repository/Page_DEMOQA/a__react-datepicker__navigation react-datepicker__navigation--years react-datepicker__navigation--years-previous' is clicked on

15-03-2025T04:58:41 - [TEST_STEP][PASSED] - click(findTestObject("Page_DEMOQA/a__react-datepicker__navigation react-datepicker__navigation--years react-datepicker__navigation--years-previous")): Object: 'Object Repository/Page_DEMOQA/a__react-datepicker__navigation react-datepicker__navigation--years react-datepicker__navigation--years-previous' is clicked on

15-03-2025T04:58:41 - [MESSAGE][PASSED] - Object: 'Object Repository/Page_DEMOQA/a__react-datepicker__navigation react-datepicker__navigation--years react-datepicker__navigation--years-previous' is clicked on

15-03-2025T04:58:41 - [TEST_STEP][PASSED] - click(findTestObject("Page_DEMOQA/a__react-datepicker__navigation react-datepicker__navigation--years react-datepicker__navigation--years-previous")): Object: 'Object Repository/Page_DEMOQA/a__react-datepicker__navigation react-datepicker__navigation--years react-datepicker__navigation--years-previous' is clicked on

15-03-2025T04:58:42 - [MESSAGE][PASSED] - Object: 'Object Repository/Page_DEMOQA/a__react-datepicker__navigation react-datepicker__navigation--years react-datepicker__navigation--years-previous' is clicked on

15-03-2025T04:58:42 - [TEST_STEP][PASSED] - click(findTestObject("Page_DEMOQA/a__react-datepicker__navigation react-datepicker__navigation--years react-datepicker__navigation--years-previous")): Object: 'Object Repository/Page_DEMOQA/a__react-datepicker__navigation react-datepicker__navigation--years react-datepicker__navigation--years-previous' is clicked on

15-03-2025T04:58:42 - [MESSAGE][PASSED] - Object: 'Object Repository/Page_DEMOQA/a__react-datepicker__navigation react-datepicker__navigation--years react-datepicker__navigation--years-previous' is clicked on

15-03-2025T04:58:42 - [TEST_STEP][PASSED] - click(findTestObject("Page_DEMOQA/a__react-datepicker__navigation react-datepicker__navigation--years react-datepicker__navigation--years-previous")): Object: 'Object Repository/Page_DEMOQA/a__react-datepicker__navigation react-datepicker__navigation--years react-datepicker__navigation--years-previous' is clicked on

15-03-2025T04:58:43 - [MESSAGE][PASSED] - Object: 'Object Repository/Page_DEMOQA/a__react-datepicker__navigation react-datepicker__navigation--years react-datepicker__navigation--years-previous' is clicked on

15-03-2025T04:58:43 - [TEST_STEP][PASSED] - click(findTestObject("Page_DEMOQA/a__react-datepicker__navigation react-datepicker__navigation--years react-datepicker__navigation--years-previous")): Object: 'Object Repository/Page_DEMOQA/a__react-datepicker__navigation react-datepicker__navigation--years react-datepicker__navigation--years-previous' is clicked on

15-03-2025T04:58:43 - [MESSAGE][PASSED] - Object: 'Object Repository/Page_DEMOQA/a__react-datepicker__navigation react-datepicker__navigation--years react-datepicker__navigation--years-previous' is clicked on

15-03-2025T04:58:43 - [TEST_STEP][PASSED] - click(findTestObject("Page_DEMOQA/a__react-datepicker__navigation react-datepicker__navigation--years react-datepicker__navigation--years-previous")): Object: 'Object Repository/Page_DEMOQA/a__react-datepicker__navigation react-datepicker__navigation--years react-datepicker__navigation--years-previous' is clicked on

15-03-2025T04:58:44 - [MESSAGE][PASSED] - Object: 'Object Repository/Page_DEMOQA/a__react-datepicker__navigation react-datepicker__navigation--years react-datepicker__navigation--years-previous' is clicked on

15-03-2025T04:58:44 - [TEST_STEP][PASSED] - click(findTestObject("Page_DEMOQA/a__react-datepicker__navigation react-datepicker__navigation--years react-datepicker__navigation--years-previous")): Object: 'Object Repository/Page_DEMOQA/a__react-datepicker__navigation react-datepicker__navigation--years react-datepicker__navigation--years-previous' is clicked on

15-03-2025T04:58:44 - [MESSAGE][PASSED] - Object: 'Object Repository/Page_DEMOQA/a__react-datepicker__navigation react-datepicker__navigation--years react-datepicker__navigation--years-previous' is clicked on

15-03-2025T04:58:44 - [TEST_STEP][PASSED] - click(findTestObject("Page_DEMOQA/a__react-datepicker__navigation react-datepicker__navigation--years react-datepicker__navigation--years-previous")): Object: 'Object Repository/Page_DEMOQA/a__react-datepicker__navigation react-datepicker__navigation--years react-datepicker__navigation--years-previous' is clicked on

15-03-2025T04:58:45 - [MESSAGE][PASSED] - Object: 'Object Repository/Page_DEMOQA/a__react-datepicker__navigation react-datepicker__navigation--years react-datepicker__navigation--years-previous' is clicked on

15-03-2025T04:58:45 - [TEST_STEP][PASSED] - click(findTestObject("Page_DEMOQA/a__react-datepicker__navigation react-datepicker__navigation--years react-datepicker__navigation--years-previous"), STOP_ON_FAILURE): Object: 'Object Repository/Page_DEMOQA/a__react-datepicker__navigation react-datepicker__navigation--years react-datepicker__navigation--years-previous' is clicked on

15-03-2025T04:58:45 - [MESSAGE][PASSED] - Object: 'Object Repository/Page_DEMOQA/a__react-datepicker__navigation react-datepicker__navigation--years react-datepicker__navigation--years-previous' is clicked on

15-03-2025T04:58:45 - [TEST_STEP][PASSED] - click(findTestObject("Page_DEMOQA/a__react-datepicker__navigation react-datepicker__navigation--years react-datepicker__navigation--years-previous")): Object: 'Object Repository/Page_DEMOQA/a__react-datepicker__navigation react-datepicker__navigation--years react-datepicker__navigation--years-previous' is clicked on

15-03-2025T04:58:46 - [MESSAGE][PASSED] - Object: 'Object Repository/Page_DEMOQA/a__react-datepicker__navigation react-datepicker__navigation--years react-datepicker__navigation--years-previous' is clicked on

15-03-2025T04:58:46 - [TEST_STEP][PASSED] - click(findTestObject("Page_DEMOQA/a__react-datepicker__navigation react-datepicker__navigation--years react-datepicker__navigation--years-previous")): Object: 'Object Repository/Page_DEMOQA/a__react-datepicker__navigation react-datepicker__navigation--years react-datepicker__navigation--years-previous' is clicked on

15-03-2025T04:58:46 - [MESSAGE][PASSED] - Object: 'Object Repository/Page_DEMOQA/a__react-datepicker__navigation react-datepicker__navigation--years react-datepicker__navigation--years-previous' is clicked on

15-03-2025T04:58:46 - [TEST_STEP][PASSED] - click(findTestObject("Page_DEMOQA/a__react-datepicker__navigation react-datepicker__navigation--years react-datepicker__navigation--years-previous")): Object: 'Object Repository/Page_DEMOQA/a__react-datepicker__navigation react-datepicker__navigation--years react-datepicker__navigation--years-previous' is clicked on

15-03-2025T04:58:47 - [MESSAGE][PASSED] - Object: 'Object Repository/Page_DEMOQA/a__react-datepicker__navigation react-datepicker__navigation--years react-datepicker__navigation--years-previous' is clicked on

15-03-2025T04:58:47 - [TEST_STEP][PASSED] - click(findTestObject("Page_DEMOQA/a__react-datepicker__navigation react-datepicker__navigation--years react-datepicker__navigation--years-previous")): Object: 'Object Repository/Page_DEMOQA/a__react-datepicker__navigation react-datepicker__navigation--years react-datepicker__navigation--years-previous' is clicked on

15-03-2025T04:58:47 - [MESSAGE][PASSED] - Object: 'Object Repository/Page_DEMOQA/a__react-datepicker__navigation react-datepicker__navigation--years react-datepicker__navigation--years-previous' is clicked on

15-03-2025T04:58:47 - [TEST_STEP][PASSED] - click(findTestObject("Page_DEMOQA/a__react-datepicker__navigation react-datepicker__navigation--years react-datepicker__navigation--years-previous")): Object: 'Object Repository/Page_DEMOQA/a__react-datepicker__navigation react-datepicker__navigation--years react-datepicker__navigation--years-previous' is clicked on

15-03-2025T04:58:47 - [MESSAGE][PASSED] - Object: 'Object Repository/Page_DEMOQA/a__react-datepicker__navigation react-datepicker__navigation--years react-datepicker__navigation--years-previous' is clicked on

15-03-2025T04:58:47 - [TEST_STEP][PASSED] - click(findTestObject("Page_DEMOQA/a__react-datepicker__navigation react-datepicker__navigation--years react-datepicker__navigation--years-previous")): Object: 'Object Repository/Page_DEMOQA/a__react-datepicker__navigation react-datepicker__navigation--years react-datepicker__navigation--years-previous' is clicked on

15-03-2025T04:58:48 - [MESSAGE][PASSED] - Object: 'Object Repository/Page_DEMOQA/a__react-datepicker__navigation react-datepicker__navigation--years react-datepicker__navigation--years-previous' is clicked on

15-03-2025T04:58:48 - [TEST_STEP][PASSED] - click(findTestObject("Object Repository/Page_DEMOQA/div_1998")): Object: 'Object Repository/Page_DEMOQA/div_1998' is clicked on

15-03-2025T04:58:48 - [MESSAGE][PASSED] - Object: 'Object Repository/Page_DEMOQA/div_1998' is clicked on

15-03-2025T04:58:48 - [TEST_STEP][PASSED] - click(findTestObject("Object Repository/Page_DEMOQA/span_March 1998_react-datepicker__month-rea_d49733")): Object: 'Object Repository/Page_DEMOQA/span_March 1998_react-datepicker__month-rea_d49733' is clicked on

15-03-2025T04:58:49 - [MESSAGE][PASSED] - Object: 'Object Repository/Page_DEMOQA/span_March 1998_react-datepicker__month-rea_d49733' is clicked on

15-03-2025T04:58:49 - [TEST_STEP][PASSED] - click(findTestObject("Object Repository/Page_DEMOQA/div_October")): Object: 'Object Repository/Page_DEMOQA/div_October' is clicked on

15-03-2025T04:58:49 - [MESSAGE][PASSED] - Object: 'Object Repository/Page_DEMOQA/div_October' is clicked on

15-03-2025T04:58:49 - [TEST_STEP][PASSED] - click(findTestObject("Page_DEMOQA/div_15_1")): Object: 'Object Repository/Page_DEMOQA/div_15_1' is clicked on

15-03-2025T04:58:50 - [MESSAGE][PASSED] - Object: 'Object Repository/Page_DEMOQA/div_15_1' is clicked on

15-03-2025T04:58:50 - [TEST_STEP][PASSED] - click(findTestObject("Object Repository/Page_DEMOQA/li_0500")): Object: 'Object Repository/Page_DEMOQA/li_0500' is clicked on

15-03-2025T04:58:50 - [MESSAGE][PASSED] - Object: 'Object Repository/Page_DEMOQA/li_0500' is clicked on]]></system-out>
         <system-err><![CDATA[]]></system-err>
      </testcase>
      <testcase name="Test Cases/POSITIVE - Isi Form DemoQA" time="54.025" classname="Test Cases/POSITIVE - Isi Form DemoQA" status="PASSED">
         <system-out><![CDATA[15-03-2025T04:58:50 - [TEST_CASE][PASSED] - Test Cases/POSITIVE - Isi Form DemoQA: Test Cases/POSITIVE - Isi Form DemoQA

15-03-2025T04:58:50 - [TEST_STEP][PASSED] - openBrowser(""): Browser is opened with url: ''

15-03-2025T04:58:50 - [MESSAGE][WARNING] - A browser is already opened. Closing browser and opening a new one

15-03-2025T04:58:50 - [MESSAGE][INFO] - Starting 'Chrome' driver

15-03-2025T04:58:50 - [MESSAGE][INFO] - Action delay is set to 0 milliseconds

15-03-2025T04:58:51 - [MESSAGE][PASSED] - Browser is opened with url: ''

15-03-2025T04:58:51 - [TEST_STEP][PASSED] - navigateToUrl("https://demoqa.com/"): Navigate to 'https://demoqa.com/' successfully

15-03-2025T04:58:58 - [MESSAGE][PASSED] - Navigate to 'https://demoqa.com/' successfully

15-03-2025T04:58:58 - [TEST_STEP][PASSED] - maximizeWindow(): Current window maximized

15-03-2025T04:58:59 - [MESSAGE][PASSED] - Current window maximized

15-03-2025T04:58:59 - [TEST_STEP][PASSED] - scrollToElement(findTestObject("Page_DEMOQA/h5_Elements"), 0): Scroll to object 'Object Repository/Page_DEMOQA/h5_Elements' successfully

15-03-2025T04:58:59 - [MESSAGE][WARNING] - Timeout '0' is invalid. Using default page load timeout: '30'

15-03-2025T04:58:59 - [MESSAGE][PASSED] - Scroll to object 'Object Repository/Page_DEMOQA/h5_Elements' successfully

15-03-2025T04:58:59 - [TEST_STEP][PASSED] - click(findTestObject("Object Repository/Page_DEMOQA/h5_Elements")): Object: 'Object Repository/Page_DEMOQA/h5_Elements' is clicked on

15-03-2025T04:59:00 - [MESSAGE][PASSED] - Object: 'Object Repository/Page_DEMOQA/h5_Elements' is clicked on

15-03-2025T04:59:00 - [TEST_STEP][PASSED] - scrollToElement(findTestObject("Page_DEMOQA/div_Forms"), 0): Scroll to object 'Object Repository/Page_DEMOQA/div_Forms' successfully

15-03-2025T04:59:00 - [MESSAGE][WARNING] - Timeout '0' is invalid. Using default page load timeout: '30'

15-03-2025T04:59:01 - [MESSAGE][PASSED] - Scroll to object 'Object Repository/Page_DEMOQA/div_Forms' successfully

15-03-2025T04:59:01 - [TEST_STEP][PASSED] - click(findTestObject("Object Repository/Page_DEMOQA/div_Forms")): Object: 'Object Repository/Page_DEMOQA/div_Forms' is clicked on

15-03-2025T04:59:02 - [MESSAGE][PASSED] - Object: 'Object Repository/Page_DEMOQA/div_Forms' is clicked on

15-03-2025T04:59:02 - [TEST_STEP][PASSED] - click(findTestObject("Object Repository/Page_DEMOQA/span_Practice Form")): Object: 'Object Repository/Page_DEMOQA/span_Practice Form' is clicked on

15-03-2025T04:59:04 - [MESSAGE][PASSED] - Object: 'Object Repository/Page_DEMOQA/span_Practice Form' is clicked on

15-03-2025T04:59:04 - [TEST_STEP][PASSED] - setText(findTestObject("Object Repository/Page_DEMOQA/input_Name_firstName"), "angga"): Text 'angga' is set on object 'Object Repository/Page_DEMOQA/input_Name_firstName'

15-03-2025T04:59:05 - [MESSAGE][PASSED] - Text 'angga' is set on object 'Object Repository/Page_DEMOQA/input_Name_firstName'

15-03-2025T04:59:05 - [TEST_STEP][PASSED] - setText(findTestObject("Object Repository/Page_DEMOQA/input_Name_lastName"), "trinugraha"): Text 'trinugraha' is set on object 'Object Repository/Page_DEMOQA/input_Name_lastName'

15-03-2025T04:59:05 - [MESSAGE][PASSED] - Text 'trinugraha' is set on object 'Object Repository/Page_DEMOQA/input_Name_lastName'

15-03-2025T04:59:05 - [TEST_STEP][PASSED] - setText(findTestObject("Object Repository/Page_DEMOQA/input_Email_userEmail"), "anggatri78@gmail.com"): Text 'anggatri78@gmail.com' is set on object 'Object Repository/Page_DEMOQA/input_Email_userEmail'

15-03-2025T04:59:06 - [MESSAGE][PASSED] - Text 'anggatri78@gmail.com' is set on object 'Object Repository/Page_DEMOQA/input_Email_userEmail'

15-03-2025T04:59:06 - [TEST_STEP][PASSED] - click(findTestObject("Object Repository/Page_DEMOQA/label_Male")): Object: 'Object Repository/Page_DEMOQA/label_Male' is clicked on

15-03-2025T04:59:06 - [MESSAGE][PASSED] - Object: 'Object Repository/Page_DEMOQA/label_Male' is clicked on

15-03-2025T04:59:06 - [TEST_STEP][PASSED] - setText(findTestObject("Object Repository/Page_DEMOQA/input_(10 Digits)_userNumber"), "0877884750"): Text '0877884750' is set on object 'Object Repository/Page_DEMOQA/input_(10 Digits)_userNumber'

15-03-2025T04:59:06 - [MESSAGE][PASSED] - Text '0877884750' is set on object 'Object Repository/Page_DEMOQA/input_(10 Digits)_userNumber'

15-03-2025T04:59:06 - [TEST_STEP][PASSED] - scrollToElement(findTestObject("Page_DEMOQA/input_Date of Birth_dateOfBirthInput"), 0): Scroll to object 'Object Repository/Page_DEMOQA/input_Date of Birth_dateOfBirthInput' successfully

15-03-2025T04:59:06 - [MESSAGE][WARNING] - Timeout '0' is invalid. Using default page load timeout: '30'

15-03-2025T04:59:07 - [MESSAGE][PASSED] - Scroll to object 'Object Repository/Page_DEMOQA/input_Date of Birth_dateOfBirthInput' successfully

15-03-2025T04:59:07 - [TEST_STEP][PASSED] - setText(findTestObject("Object Repository/Page_DEMOQA/input_Date of Birth_dateOfBirthInput"), "15 Mar 2025"): Text '15 Mar 2025' is set on object 'Object Repository/Page_DEMOQA/input_Date of Birth_dateOfBirthInput'

15-03-2025T04:59:07 - [MESSAGE][PASSED] - Text '15 Mar 2025' is set on object 'Object Repository/Page_DEMOQA/input_Date of Birth_dateOfBirthInput'

15-03-2025T04:59:07 - [TEST_STEP][PASSED] - click(findTestObject("Object Repository/Page_DEMOQA/div_15")): Object: 'Object Repository/Page_DEMOQA/div_15' is clicked on

15-03-2025T04:59:38 - [MESSAGE][INFO] - Unable to find the element located by 'By.xpath: //div[@id='datePickerMonthYear']/div[2]/div[2]/div/div/div[2]/div[2]/div[3]/div[5]'. Please recheck the objects properties to make sure the desired element is located. 

15-03-2025T04:59:38 - [MESSAGE][WARNING] - [SELF-HEALING] Failed to find element with id 'Object Repository/Page_DEMOQA/div_15'. Try using Self-healing.

15-03-2025T04:59:39 - [MESSAGE][WARNING] - [SELF-HEALING] The current locator of test object 'Object Repository/Page_DEMOQA/div_15' was broken. Propose an alternative one: '(.//*[normalize-space(text()) and normalize-space(.)='Sa'])[1]/following::div[23]'.

15-03-2025T04:59:39 - [MESSAGE][PASSED] - Object: 'Object Repository/Page_DEMOQA/div_15' is clicked on

15-03-2025T04:59:39 - [TEST_STEP][PASSED] - click(findTestObject("Object Repository/Page_DEMOQA/div_Subjects_subjects-auto-complete__value-_d244cf")): Object: 'Object Repository/Page_DEMOQA/div_Subjects_subjects-auto-complete__value-_d244cf' is clicked on

15-03-2025T04:59:39 - [MESSAGE][PASSED] - Object: 'Object Repository/Page_DEMOQA/div_Subjects_subjects-auto-complete__value-_d244cf' is clicked on

15-03-2025T04:59:39 - [TEST_STEP][PASSED] - setText(findTestObject("Object Repository/Page_DEMOQA/input_Subjects_subjectsInput"), "kerja"): Text 'kerja' is set on object 'Object Repository/Page_DEMOQA/input_Subjects_subjectsInput'

15-03-2025T04:59:40 - [MESSAGE][PASSED] - Text 'kerja' is set on object 'Object Repository/Page_DEMOQA/input_Subjects_subjectsInput'

15-03-2025T04:59:40 - [TEST_STEP][PASSED] - click(findTestObject("Object Repository/Page_DEMOQA/label_Sports")): Object: 'Object Repository/Page_DEMOQA/label_Sports' is clicked on

15-03-2025T04:59:40 - [MESSAGE][PASSED] - Object: 'Object Repository/Page_DEMOQA/label_Sports' is clicked on

15-03-2025T04:59:40 - [TEST_STEP][PASSED] - rightClick(findTestObject("Object Repository/Page_DEMOQA/input_Select picture_uploadPicture")): Object: 'Object Repository/Page_DEMOQA/input_Select picture_uploadPicture' is right clicked on

15-03-2025T04:59:41 - [MESSAGE][PASSED] - Object: 'Object Repository/Page_DEMOQA/input_Select picture_uploadPicture' is right clicked on

15-03-2025T04:59:41 - [TEST_STEP][PASSED] - uploadFile(findTestObject("Page_DEMOQA/input_Select picture_uploadPicture"), "/Users/anggatrinugraha/Downloads/sampleFile.jpeg"): File '/Users/anggatrinugraha/Downloads/sampleFile.jpeg' sent to object: 'Object Repository/Page_DEMOQA/input_Select picture_uploadPicture'

15-03-2025T04:59:41 - [MESSAGE][PASSED] - File '/Users/anggatrinugraha/Downloads/sampleFile.jpeg' sent to object: 'Object Repository/Page_DEMOQA/input_Select picture_uploadPicture'

15-03-2025T04:59:41 - [TEST_STEP][PASSED] - setText(findTestObject("Object Repository/Page_DEMOQA/textarea_Current Address_currentAddress"), "kucica"): Text 'kucica' is set on object 'Object Repository/Page_DEMOQA/textarea_Current Address_currentAddress'

15-03-2025T04:59:42 - [MESSAGE][PASSED] - Text 'kucica' is set on object 'Object Repository/Page_DEMOQA/textarea_Current Address_currentAddress'

15-03-2025T04:59:42 - [TEST_STEP][PASSED] - click(findTestObject("Object Repository/Page_DEMOQA/div")): Object: 'Object Repository/Page_DEMOQA/div' is clicked on

15-03-2025T04:59:42 - [MESSAGE][PASSED] - Object: 'Object Repository/Page_DEMOQA/div' is clicked on

15-03-2025T04:59:42 - [TEST_STEP][PASSED] - click(findTestObject("Object Repository/Page_DEMOQA/svg_Select State_css-19bqh2r")): Object: 'Object Repository/Page_DEMOQA/svg_Select State_css-19bqh2r' is clicked on

15-03-2025T04:59:42 - [MESSAGE][PASSED] - Object: 'Object Repository/Page_DEMOQA/svg_Select State_css-19bqh2r' is clicked on

15-03-2025T04:59:42 - [TEST_STEP][PASSED] - click(findTestObject("Object Repository/Page_DEMOQA/div_Haryana")): Object: 'Object Repository/Page_DEMOQA/div_Haryana' is clicked on

15-03-2025T04:59:43 - [MESSAGE][PASSED] - Object: 'Object Repository/Page_DEMOQA/div_Haryana' is clicked on

15-03-2025T04:59:43 - [TEST_STEP][PASSED] - click(findTestObject("Object Repository/Page_DEMOQA/svg_Select City_css-19bqh2r")): Object: 'Object Repository/Page_DEMOQA/svg_Select City_css-19bqh2r' is clicked on

15-03-2025T04:59:43 - [MESSAGE][PASSED] - Object: 'Object Repository/Page_DEMOQA/svg_Select City_css-19bqh2r' is clicked on

15-03-2025T04:59:43 - [TEST_STEP][PASSED] - click(findTestObject("Object Repository/Page_DEMOQA/div_Panipat")): Object: 'Object Repository/Page_DEMOQA/div_Panipat' is clicked on

15-03-2025T04:59:44 - [MESSAGE][PASSED] - Object: 'Object Repository/Page_DEMOQA/div_Panipat' is clicked on

15-03-2025T04:59:44 - [TEST_STEP][PASSED] - click(findTestObject("Object Repository/Page_DEMOQA/button_Submit")): Object: 'Object Repository/Page_DEMOQA/button_Submit' is clicked on

15-03-2025T04:59:44 - [MESSAGE][PASSED] - Object: 'Object Repository/Page_DEMOQA/button_Submit' is clicked on]]></system-out>
         <system-err><![CDATA[]]></system-err>
      </testcase>
      <testcase name="Test Cases/POSITIVE - Buka Tab DemoQA" time="14.296" classname="Test Cases/POSITIVE - Buka Tab DemoQA" status="PASSED">
         <system-out><![CDATA[15-03-2025T04:59:44 - [TEST_CASE][PASSED] - Test Cases/POSITIVE - Buka Tab DemoQA: Test Cases/POSITIVE - Buka Tab DemoQA

15-03-2025T04:59:44 - [TEST_STEP][PASSED] - openBrowser(""): Browser is opened with url: ''

15-03-2025T04:59:44 - [MESSAGE][WARNING] - A browser is already opened. Closing browser and opening a new one

15-03-2025T04:59:44 - [MESSAGE][INFO] - Starting 'Chrome' driver

15-03-2025T04:59:44 - [MESSAGE][INFO] - Action delay is set to 0 milliseconds

15-03-2025T04:59:45 - [MESSAGE][PASSED] - Browser is opened with url: ''

15-03-2025T04:59:45 - [TEST_STEP][PASSED] - navigateToUrl("https://demoqa.com/"): Navigate to 'https://demoqa.com/' successfully

15-03-2025T04:59:52 - [MESSAGE][PASSED] - Navigate to 'https://demoqa.com/' successfully

15-03-2025T04:59:52 - [TEST_STEP][PASSED] - maximizeWindow(): Current window maximized

15-03-2025T04:59:52 - [MESSAGE][PASSED] - Current window maximized

15-03-2025T04:59:52 - [TEST_STEP][PASSED] - click(findTestObject("Page_DEMOQA/h5_Elements")): Object: 'Object Repository/Page_DEMOQA/h5_Elements' is clicked on

15-03-2025T04:59:53 - [MESSAGE][PASSED] - Object: 'Object Repository/Page_DEMOQA/h5_Elements' is clicked on

15-03-2025T04:59:53 - [TEST_STEP][PASSED] - scrollToElement(findTestObject("Page_DEMOQA/div_Alerts, Frame  Windows"), 0): Scroll to object 'Object Repository/Page_DEMOQA/div_Alerts, Frame  Windows' successfully

15-03-2025T04:59:53 - [MESSAGE][WARNING] - Timeout '0' is invalid. Using default page load timeout: '30'

15-03-2025T04:59:55 - [MESSAGE][PASSED] - Scroll to object 'Object Repository/Page_DEMOQA/div_Alerts, Frame  Windows' successfully

15-03-2025T04:59:55 - [TEST_STEP][PASSED] - click(findTestObject("Object Repository/Page_DEMOQA/div_Alerts, Frame  Windows")): Object: 'Object Repository/Page_DEMOQA/div_Alerts, Frame  Windows' is clicked on

15-03-2025T04:59:55 - [MESSAGE][PASSED] - Object: 'Object Repository/Page_DEMOQA/div_Alerts, Frame  Windows' is clicked on

15-03-2025T04:59:55 - [TEST_STEP][PASSED] - click(findTestObject("Object Repository/Page_DEMOQA/span_Browser Windows")): Object: 'Object Repository/Page_DEMOQA/span_Browser Windows' is clicked on

15-03-2025T04:59:55 - [MESSAGE][PASSED] - Object: 'Object Repository/Page_DEMOQA/span_Browser Windows' is clicked on

15-03-2025T04:59:55 - [TEST_STEP][PASSED] - click(findTestObject("Object Repository/Page_DEMOQA/button_New Tab")): Object: 'Object Repository/Page_DEMOQA/button_New Tab' is clicked on

15-03-2025T04:59:56 - [MESSAGE][PASSED] - Object: 'Object Repository/Page_DEMOQA/button_New Tab' is clicked on

15-03-2025T04:59:56 - [TEST_STEP][PASSED] - click(findTestObject("Object Repository/Page_DEMOQA/button_New Window")): Object: 'Object Repository/Page_DEMOQA/button_New Window' is clicked on

15-03-2025T04:59:58 - [MESSAGE][PASSED] - Object: 'Object Repository/Page_DEMOQA/button_New Window' is clicked on

15-03-2025T04:59:58 - [TEST_STEP][PASSED] - switchToWindowTitle("DEMOQA"): Switched to window with title: 'DEMOQA'

15-03-2025T04:59:58 - [MESSAGE][PASSED] - Switched to window with title: 'DEMOQA'

15-03-2025T04:59:58 - [TEST_STEP][PASSED] - click(findTestObject("Object Repository/Page_DEMOQA/button_New Window Message")): Object: 'Object Repository/Page_DEMOQA/button_New Window Message' is clicked on

15-03-2025T04:59:59 - [MESSAGE][PASSED] - Object: 'Object Repository/Page_DEMOQA/button_New Window Message' is clicked on]]></system-out>
         <system-err><![CDATA[]]></system-err>
      </testcase>
      <system-out><![CDATA[15-03-2025T04:56:16 - [TEST_SUITE][PASSED] - Web demo QA: Test Cases/POSITIVE - Buka Tab DemoQA]]></system-out>
      <system-err><![CDATA[]]></system-err>
   </testsuite>
</testsuites>
