<?xml version="1.0" encoding="UTF-8"?>
<testsuites name="Sauce Demo - Cart dan Facebook" time="12.144" tests="2" failures="0" errors="0">
   <testsuite name="Sauce Demo - Cart dan Facebook" tests="2" failures="0" errors="0" time="12.144" skipped="0" timestamp="13-03-2025T17:05:51" hostname="anggatrinugraha - localhost" id="Test Suites/Sauce Demo - Cart dan Facebook">
      <properties>
         <property name="deviceName" value=""/>
         <property name="devicePlatform"/>
         <property name="logFolder" value="/Users/anggatrinugraha/git/Web-testing/Reports/20250313_170550/Sauce Demo - Cart dan Facebook/20250313_170550"/>
         <property name="logFiles" value="/Users/anggatrinugraha/git/Web-testing/Reports/20250313_170550/Sauce Demo - Cart dan Facebook/20250313_170550/execution0.log"/>
         <property name="attachments" value=""/>
         <property name="hostName" value="anggatrinugraha - localhost"/>
         <property name="os" value="Mac OS X 64bit"/>
         <property name="katalonVersion" value="10.1.0.223"/>
         <property name="browser" value="Chrome 134.0.6998.89"/>
         <property name="hostAddress" value="127.0.0.1"/>
         <property name="sessionId" value="5c373449c4578174565c64afa41f8b70"/>
         <property name="seleniumVersion" value="4.22.0"/>
         <property name="proxyInformation" value="ProxyInformation { proxyOption=NO_PROXY, proxyServerType=HTTP, username=, password=********, proxyServerAddress=, proxyServerPort=0, executionList=&quot;&quot;, isApplyToDesiredCapabilities=true }"/>
         <property name="platform" value="Mac OS X"/>
      </properties>
      <testcase name="Test Cases/POSITIVE - Add Cart" time="7.268" classname="Test Cases/POSITIVE - Add Cart" status="PASSED">
         <system-out><![CDATA[13-03-2025T17:05:51 - [TEST_CASE][PASSED] - Test Cases/POSITIVE - Add Cart: Test Cases/POSITIVE - Add Cart

13-03-2025T17:05:51 - [TEST_STEP][PASSED] - openBrowser(""): Browser is opened with url: ''

13-03-2025T17:05:51 - [MESSAGE][INFO] - Starting 'Chrome' driver

13-03-2025T17:05:51 - [MESSAGE][INFO] - Action delay is set to 0 milliseconds

13-03-2025T17:05:53 - [MESSAGE][PASSED] - Browser is opened with url: ''

13-03-2025T17:05:53 - [TEST_STEP][PASSED] - navigateToUrl("https://www.saucedemo.com/"): Navigate to 'https://www.saucedemo.com/' successfully

13-03-2025T17:05:54 - [MESSAGE][PASSED] - Navigate to 'https://www.saucedemo.com/' successfully

13-03-2025T17:05:54 - [TEST_STEP][PASSED] - setText(findTestObject("Object Repository/Page_Swag Labs/input_Swag Labs_user-name"), "standard_user"): Text 'standard_user' is set on object 'Object Repository/Page_Swag Labs/input_Swag Labs_user-name'

13-03-2025T17:05:56 - [MESSAGE][PASSED] - Text 'standard_user' is set on object 'Object Repository/Page_Swag Labs/input_Swag Labs_user-name'

13-03-2025T17:05:56 - [TEST_STEP][PASSED] - setEncryptedText(findTestObject("Object Repository/Page_Swag Labs/input_Swag Labs_password"), "qcu24s4901FyWDTwXGr6XA=="): Text ****** has been set on object 'Object Repository/Page_Swag Labs/input_Swag Labs_password'

13-03-2025T17:05:56 - [MESSAGE][PASSED] - Text ****** has been set on object 'Object Repository/Page_Swag Labs/input_Swag Labs_password'

13-03-2025T17:05:56 - [TEST_STEP][PASSED] - click(findTestObject("Object Repository/Page_Swag Labs/input_Swag Labs_login-button")): Object: 'Object Repository/Page_Swag Labs/input_Swag Labs_login-button' is clicked on

13-03-2025T17:05:56 - [MESSAGE][PASSED] - Object: 'Object Repository/Page_Swag Labs/input_Swag Labs_login-button' is clicked on

13-03-2025T17:05:56 - [TEST_STEP][PASSED] - click(findTestObject("Object Repository/Page_Swag Labs/button_Add to cart")): Object: 'Object Repository/Page_Swag Labs/button_Add to cart' is clicked on

13-03-2025T17:05:57 - [MESSAGE][PASSED] - Object: 'Object Repository/Page_Swag Labs/button_Add to cart' is clicked on

13-03-2025T17:05:57 - [TEST_STEP][PASSED] - click(findTestObject("Object Repository/Page_Swag Labs/a_1")): Object: 'Object Repository/Page_Swag Labs/a_1' is clicked on

13-03-2025T17:05:57 - [MESSAGE][PASSED] - Object: 'Object Repository/Page_Swag Labs/a_1' is clicked on

13-03-2025T17:05:57 - [TEST_STEP][PASSED] - click(findTestObject("Object Repository/Page_Swag Labs/button_Continue Shopping")): Object: 'Object Repository/Page_Swag Labs/button_Continue Shopping' is clicked on

13-03-2025T17:05:58 - [MESSAGE][PASSED] - Object: 'Object Repository/Page_Swag Labs/button_Continue Shopping' is clicked on

13-03-2025T17:05:58 - [TEST_STEP][PASSED] - click(findTestObject("Object Repository/Page_Swag Labs/button_Open Menu")): Object: 'Object Repository/Page_Swag Labs/button_Open Menu' is clicked on

13-03-2025T17:05:58 - [MESSAGE][PASSED] - Object: 'Object Repository/Page_Swag Labs/button_Open Menu' is clicked on

13-03-2025T17:05:58 - [TEST_STEP][PASSED] - click(findTestObject("Object Repository/Page_Swag Labs/a_Logout")): Object: 'Object Repository/Page_Swag Labs/a_Logout' is clicked on

13-03-2025T17:05:58 - [MESSAGE][PASSED] - Object: 'Object Repository/Page_Swag Labs/a_Logout' is clicked on]]></system-out>
         <system-err><![CDATA[]]></system-err>
      </testcase>
      <testcase name="Test Cases/POSITIVE - Link Facebook" time="4.772" classname="Test Cases/POSITIVE - Link Facebook" status="PASSED">
         <system-out><![CDATA[13-03-2025T17:05:58 - [TEST_CASE][PASSED] - Test Cases/POSITIVE - Link Facebook: Test Cases/POSITIVE - Link Facebook

13-03-2025T17:05:59 - [TEST_STEP][PASSED] - openBrowser(""): Browser is opened with url: ''

13-03-2025T17:05:59 - [MESSAGE][WARNING] - A browser is already opened. Closing browser and opening a new one

13-03-2025T17:05:59 - [MESSAGE][INFO] - Starting 'Chrome' driver

13-03-2025T17:05:59 - [MESSAGE][INFO] - Action delay is set to 0 milliseconds

13-03-2025T17:05:59 - [MESSAGE][PASSED] - Browser is opened with url: ''

13-03-2025T17:05:59 - [TEST_STEP][PASSED] - navigateToUrl("https://www.saucedemo.com/"): Navigate to 'https://www.saucedemo.com/' successfully

13-03-2025T17:06:00 - [MESSAGE][PASSED] - Navigate to 'https://www.saucedemo.com/' successfully

13-03-2025T17:06:00 - [TEST_STEP][PASSED] - setText(findTestObject("Object Repository/Page_Swag Labs/input_Swag Labs_user-name"), "standard_user"): Text 'standard_user' is set on object 'Object Repository/Page_Swag Labs/input_Swag Labs_user-name'

13-03-2025T17:06:02 - [MESSAGE][PASSED] - Text 'standard_user' is set on object 'Object Repository/Page_Swag Labs/input_Swag Labs_user-name'

13-03-2025T17:06:02 - [TEST_STEP][PASSED] - setEncryptedText(findTestObject("Object Repository/Page_Swag Labs/input_Swag Labs_password"), "qcu24s4901FyWDTwXGr6XA=="): Text ****** has been set on object 'Object Repository/Page_Swag Labs/input_Swag Labs_password'

13-03-2025T17:06:02 - [MESSAGE][PASSED] - Text ****** has been set on object 'Object Repository/Page_Swag Labs/input_Swag Labs_password'

13-03-2025T17:06:02 - [TEST_STEP][PASSED] - click(findTestObject("Object Repository/Page_Swag Labs/input_Swag Labs_login-button")): Object: 'Object Repository/Page_Swag Labs/input_Swag Labs_login-button' is clicked on

13-03-2025T17:06:03 - [MESSAGE][PASSED] - Object: 'Object Repository/Page_Swag Labs/input_Swag Labs_login-button' is clicked on

13-03-2025T17:06:03 - [TEST_STEP][PASSED] - click(findTestObject("Object Repository/Page_Swag Labs/a_Facebook")): Object: 'Object Repository/Page_Swag Labs/a_Facebook' is clicked on

13-03-2025T17:06:03 - [MESSAGE][PASSED] - Object: 'Object Repository/Page_Swag Labs/a_Facebook' is clicked on]]></system-out>
         <system-err><![CDATA[]]></system-err>
      </testcase>
      <system-out><![CDATA[13-03-2025T17:05:51 - [TEST_SUITE][PASSED] - Sauce Demo - Cart dan Facebook: Test Cases/POSITIVE - Link Facebook]]></system-out>
      <system-err><![CDATA[]]></system-err>
   </testsuite>
</testsuites>
