<?xml version="1.0" encoding="UTF-8"?>
<testsuites name="Buka Web" time="22.298" tests="3" failures="0" errors="0">
   <testsuite name="Buka Web" tests="3" failures="0" errors="0" time="22.298" skipped="0" timestamp="13-03-2025T16:02:02" hostname="anggatrinugraha - localhost" id="Test Suites/Buka Web">
      <properties>
         <property name="deviceName" value=""/>
         <property name="devicePlatform"/>
         <property name="logFolder" value="/Users/anggatrinugraha/git/Web-testing/Reports/20250313_160201/Buka Web/20250313_160201"/>
         <property name="logFiles" value="/Users/anggatrinugraha/git/Web-testing/Reports/20250313_160201/Buka Web/20250313_160201/execution0.log"/>
         <property name="attachments" value=""/>
         <property name="hostName" value="anggatrinugraha - localhost"/>
         <property name="os" value="Mac OS X 64bit"/>
         <property name="katalonVersion" value="10.1.0.223"/>
         <property name="browser" value="Chrome 134.0.6998.89"/>
         <property name="hostAddress" value="127.0.0.1"/>
         <property name="sessionId" value="300148fc45c926b4466b7de29ad27404"/>
         <property name="seleniumVersion" value="4.22.0"/>
         <property name="proxyInformation" value="ProxyInformation { proxyOption=NO_PROXY, proxyServerType=HTTP, username=, password=********, proxyServerAddress=, proxyServerPort=0, executionList=&quot;&quot;, isApplyToDesiredCapabilities=true }"/>
         <property name="platform" value="Mac OS X"/>
      </properties>
      <testcase name="Test Cases/POSITIVE - Buka Web" time="5.208" classname="Test Cases/POSITIVE - Buka Web" status="PASSED">
         <system-out><![CDATA[13-03-2025T16:02:03 - [TEST_CASE][PASSED] - Test Cases/POSITIVE - Buka Web: Test Cases/POSITIVE - Buka Web

13-03-2025T16:02:03 - [TEST_STEP][PASSED] - openBrowser(""): Browser is opened with url: ''

13-03-2025T16:02:03 - [MESSAGE][INFO] - Starting 'Chrome' driver

13-03-2025T16:02:03 - [MESSAGE][INFO] - Action delay is set to 0 milliseconds

13-03-2025T16:02:05 - [MESSAGE][PASSED] - Browser is opened with url: ''

13-03-2025T16:02:05 - [TEST_STEP][PASSED] - navigateToUrl("https://www.footlocker.id/?gad_source=1&gclid=Cj0KCQjwhMq-BhCFARIsAGvo0KdJDY61MZHfmD1pScuQRlYl0C0hnMFibaEPHT3QDQBT5I-lyuViPnkaAhABEALw_wcB"): Navigate to 'https://www.footlocker.id/?gad_source=1&gclid=Cj0KCQjwhMq-BhCFARIsAGvo0KdJDY61MZHfmD1pScuQRlYl0C0hnMFibaEPHT3QDQBT5I-lyuViPnkaAhABEALw_wcB' successfully

13-03-2025T16:02:08 - [MESSAGE][PASSED] - Navigate to 'https://www.footlocker.id/?gad_source=1&gclid=Cj0KCQjwhMq-BhCFARIsAGvo0KdJDY61MZHfmD1pScuQRlYl0C0hnMFibaEPHT3QDQBT5I-lyuViPnkaAhABEALw_wcB' successfully]]></system-out>
         <system-err><![CDATA[]]></system-err>
      </testcase>
      <testcase name="Test Cases/POSITIVE - Login Berhasil" time="10.674" classname="Test Cases/POSITIVE - Login Berhasil" status="PASSED">
         <system-out><![CDATA[13-03-2025T16:02:08 - [TEST_CASE][PASSED] - Test Cases/POSITIVE - Login Berhasil: Test Cases/POSITIVE - Login Berhasil

13-03-2025T16:02:08 - [TEST_STEP][PASSED] - openBrowser(""): Browser is opened with url: ''

13-03-2025T16:02:08 - [MESSAGE][WARNING] - A browser is already opened. Closing browser and opening a new one

13-03-2025T16:02:08 - [MESSAGE][INFO] - Starting 'Chrome' driver

13-03-2025T16:02:08 - [MESSAGE][INFO] - Action delay is set to 0 milliseconds

13-03-2025T16:02:09 - [MESSAGE][PASSED] - Browser is opened with url: ''

13-03-2025T16:02:09 - [TEST_STEP][PASSED] - navigateToUrl("https://katalon-demo-cura.herokuapp.com/"): Navigate to 'https://katalon-demo-cura.herokuapp.com/' successfully

13-03-2025T16:02:12 - [MESSAGE][PASSED] - Navigate to 'https://katalon-demo-cura.herokuapp.com/' successfully

13-03-2025T16:02:12 - [TEST_STEP][PASSED] - click(findTestObject("Object Repository/Page_CURA Healthcare Service/a_Make Appointment")): Object: 'Object Repository/Page_CURA Healthcare Service/a_Make Appointment' is clicked on

13-03-2025T16:02:12 - [MESSAGE][PASSED] - Object: 'Object Repository/Page_CURA Healthcare Service/a_Make Appointment' is clicked on

13-03-2025T16:02:12 - [TEST_STEP][PASSED] - setText(findTestObject("Object Repository/Page_CURA Healthcare Service/input_Username_username"), "John Doe"): Text 'John Doe' is set on object 'Object Repository/Page_CURA Healthcare Service/input_Username_username'

13-03-2025T16:02:13 - [MESSAGE][PASSED] - Text 'John Doe' is set on object 'Object Repository/Page_CURA Healthcare Service/input_Username_username'

13-03-2025T16:02:13 - [TEST_STEP][PASSED] - setEncryptedText(findTestObject("Object Repository/Page_CURA Healthcare Service/input_Password_password"), "g3/DOGG74jC3Flrr3yH+3D/yKbOqqUNM"): Text ****** has been set on object 'Object Repository/Page_CURA Healthcare Service/input_Password_password'

13-03-2025T16:02:13 - [MESSAGE][PASSED] - Text ****** has been set on object 'Object Repository/Page_CURA Healthcare Service/input_Password_password'

13-03-2025T16:02:13 - [TEST_STEP][PASSED] - click(findTestObject("Object Repository/Page_CURA Healthcare Service/button_Login")): Object: 'Object Repository/Page_CURA Healthcare Service/button_Login' is clicked on

13-03-2025T16:02:14 - [MESSAGE][PASSED] - Object: 'Object Repository/Page_CURA Healthcare Service/button_Login' is clicked on

13-03-2025T16:02:14 - [TEST_STEP][PASSED] - selectOptionByValue(findTestObject("Object Repository/Page_CURA Healthcare Service/select_Tokyo CURA Healthcare Center        _5b4107"), "Hongkong CURA Healthcare Center", true): All options with value 'Hongkong CURA Healthcare Center' are selected in object 'Object Repository/Page_CURA Healthcare Service/select_Tokyo CURA Healthcare Center        _5b4107'  using regular expression

13-03-2025T16:02:15 - [MESSAGE][PASSED] - All options with value 'Hongkong CURA Healthcare Center' are selected in object 'Object Repository/Page_CURA Healthcare Service/select_Tokyo CURA Healthcare Center        _5b4107'  using regular expression

13-03-2025T16:02:15 - [TEST_STEP][PASSED] - click(findTestObject("Object Repository/Page_CURA Healthcare Service/input_Apply for hospital readmission_hospit_63901f")): Object: 'Object Repository/Page_CURA Healthcare Service/input_Apply for hospital readmission_hospit_63901f' is clicked on

13-03-2025T16:02:16 - [MESSAGE][PASSED] - Object: 'Object Repository/Page_CURA Healthcare Service/input_Apply for hospital readmission_hospit_63901f' is clicked on

13-03-2025T16:02:16 - [TEST_STEP][PASSED] - click(findTestObject("Object Repository/Page_CURA Healthcare Service/input_Visit Date (Required)_visit_date")): Object: 'Object Repository/Page_CURA Healthcare Service/input_Visit Date (Required)_visit_date' is clicked on

13-03-2025T16:02:16 - [MESSAGE][PASSED] - Object: 'Object Repository/Page_CURA Healthcare Service/input_Visit Date (Required)_visit_date' is clicked on

13-03-2025T16:02:16 - [TEST_STEP][PASSED] - click(findTestObject("Object Repository/Page_CURA Healthcare Service/td_13")): Object: 'Object Repository/Page_CURA Healthcare Service/td_13' is clicked on

13-03-2025T16:02:16 - [MESSAGE][PASSED] - Object: 'Object Repository/Page_CURA Healthcare Service/td_13' is clicked on

13-03-2025T16:02:16 - [TEST_STEP][PASSED] - setText(findTestObject("Object Repository/Page_CURA Healthcare Service/textarea_Comment_comment"), "test"): Text 'test' is set on object 'Object Repository/Page_CURA Healthcare Service/textarea_Comment_comment'

13-03-2025T16:02:17 - [MESSAGE][PASSED] - Text 'test' is set on object 'Object Repository/Page_CURA Healthcare Service/textarea_Comment_comment'

13-03-2025T16:02:17 - [TEST_STEP][PASSED] - click(findTestObject("Object Repository/Page_CURA Healthcare Service/button_Book Appointment")): Object: 'Object Repository/Page_CURA Healthcare Service/button_Book Appointment' is clicked on

13-03-2025T16:02:18 - [MESSAGE][PASSED] - Object: 'Object Repository/Page_CURA Healthcare Service/button_Book Appointment' is clicked on

13-03-2025T16:02:18 - [TEST_STEP][PASSED] - click(findTestObject("Object Repository/Page_CURA Healthcare Service/a_Go to Homepage")): Object: 'Object Repository/Page_CURA Healthcare Service/a_Go to Homepage' is clicked on

13-03-2025T16:02:18 - [MESSAGE][PASSED] - Object: 'Object Repository/Page_CURA Healthcare Service/a_Go to Homepage' is clicked on]]></system-out>
         <system-err><![CDATA[]]></system-err>
      </testcase>
      <testcase name="Test Cases/NEGATIVE - Password salah" time="6.291" classname="Test Cases/NEGATIVE - Password salah" status="PASSED">
         <system-out><![CDATA[13-03-2025T16:02:18 - [TEST_CASE][PASSED] - Test Cases/NEGATIVE - Password salah: Test Cases/NEGATIVE - Password salah

13-03-2025T16:02:18 - [TEST_STEP][PASSED] - openBrowser(""): Browser is opened with url: ''

13-03-2025T16:02:18 - [MESSAGE][WARNING] - A browser is already opened. Closing browser and opening a new one

13-03-2025T16:02:19 - [MESSAGE][INFO] - Starting 'Chrome' driver

13-03-2025T16:02:19 - [MESSAGE][INFO] - Action delay is set to 0 milliseconds

13-03-2025T16:02:19 - [MESSAGE][PASSED] - Browser is opened with url: ''

13-03-2025T16:02:19 - [TEST_STEP][PASSED] - navigateToUrl("https://katalon-demo-cura.herokuapp.com/"): Navigate to 'https://katalon-demo-cura.herokuapp.com/' successfully

13-03-2025T16:02:22 - [MESSAGE][PASSED] - Navigate to 'https://katalon-demo-cura.herokuapp.com/' successfully

13-03-2025T16:02:22 - [TEST_STEP][PASSED] - click(findTestObject("Object Repository/Page_CURA Healthcare Service/a_Make Appointment")): Object: 'Object Repository/Page_CURA Healthcare Service/a_Make Appointment' is clicked on

13-03-2025T16:02:23 - [MESSAGE][PASSED] - Object: 'Object Repository/Page_CURA Healthcare Service/a_Make Appointment' is clicked on

13-03-2025T16:02:23 - [TEST_STEP][PASSED] - setText(findTestObject("Object Repository/Page_CURA Healthcare Service/input_Username_username"), "anggatrinugraha"): Text 'anggatrinugraha' is set on object 'Object Repository/Page_CURA Healthcare Service/input_Username_username'

13-03-2025T16:02:24 - [MESSAGE][PASSED] - Text 'anggatrinugraha' is set on object 'Object Repository/Page_CURA Healthcare Service/input_Username_username'

13-03-2025T16:02:24 - [TEST_STEP][PASSED] - setEncryptedText(findTestObject("Object Repository/Page_CURA Healthcare Service/input_Password_password"), "8SQVv/p9jVRYfSV/eMGvjg=="): Text ****** has been set on object 'Object Repository/Page_CURA Healthcare Service/input_Password_password'

13-03-2025T16:02:24 - [MESSAGE][PASSED] - Text ****** has been set on object 'Object Repository/Page_CURA Healthcare Service/input_Password_password'

13-03-2025T16:02:24 - [TEST_STEP][PASSED] - click(findTestObject("Object Repository/Page_CURA Healthcare Service/button_Login")): Object: 'Object Repository/Page_CURA Healthcare Service/button_Login' is clicked on

13-03-2025T16:02:25 - [MESSAGE][PASSED] - Object: 'Object Repository/Page_CURA Healthcare Service/button_Login' is clicked on]]></system-out>
         <system-err><![CDATA[]]></system-err>
      </testcase>
      <system-out><![CDATA[13-03-2025T16:02:02 - [TEST_SUITE][PASSED] - Buka Web: Test Cases/NEGATIVE - Password salah]]></system-out>
      <system-err><![CDATA[]]></system-err>
   </testsuite>
</testsuites>
