<?xml version="1.0" encoding="UTF-8"?>
<testsuites name="Buka Web" time="21.918" tests="3" failures="0" errors="0">
   <testsuite name="Buka Web" tests="3" failures="0" errors="0" time="21.918" skipped="0" timestamp="13-03-2025T13:13:37" hostname="anggatrinugraha - localhost" id="Test Suites/Buka Web">
      <properties>
         <property name="deviceName" value=""/>
         <property name="devicePlatform"/>
         <property name="logFolder" value="/Users/anggatrinugraha/git/Web-testing/Reports/20250313_131336/Buka Web/20250313_131336"/>
         <property name="logFiles" value="/Users/anggatrinugraha/git/Web-testing/Reports/20250313_131336/Buka Web/20250313_131336/execution0.log"/>
         <property name="attachments" value=""/>
         <property name="hostName" value="anggatrinugraha - localhost"/>
         <property name="os" value="Mac OS X 64bit"/>
         <property name="katalonVersion" value="10.1.0.223"/>
         <property name="browser" value="Chrome 134.0.6998.89"/>
         <property name="hostAddress" value="127.0.0.1"/>
         <property name="sessionId" value="183779df4df1910b6defdef65bd4efc7"/>
         <property name="seleniumVersion" value="4.22.0"/>
         <property name="proxyInformation" value="ProxyInformation { proxyOption=NO_PROXY, proxyServerType=HTTP, username=, password=********, proxyServerAddress=, proxyServerPort=0, executionList=&quot;&quot;, isApplyToDesiredCapabilities=true }"/>
         <property name="platform" value="Mac OS X"/>
      </properties>
      <testcase name="Test Cases/POSITIVE - Buka Web" time="4.656" classname="Test Cases/POSITIVE - Buka Web" status="PASSED">
         <system-out><![CDATA[13-03-2025T13:13:37 - [TEST_CASE][PASSED] - Test Cases/POSITIVE - Buka Web: Test Cases/POSITIVE - Buka Web

13-03-2025T13:13:37 - [TEST_STEP][PASSED] - openBrowser(""): Browser is opened with url: ''

13-03-2025T13:13:37 - [MESSAGE][INFO] - Starting 'Chrome' driver

13-03-2025T13:13:37 - [MESSAGE][INFO] - Action delay is set to 0 milliseconds

13-03-2025T13:13:39 - [MESSAGE][PASSED] - Browser is opened with url: ''

13-03-2025T13:13:39 - [TEST_STEP][PASSED] - navigateToUrl("https://katalon-demo-cura.herokuapp.com/"): Navigate to 'https://katalon-demo-cura.herokuapp.com/' successfully

13-03-2025T13:13:42 - [MESSAGE][PASSED] - Navigate to 'https://katalon-demo-cura.herokuapp.com/' successfully]]></system-out>
         <system-err><![CDATA[]]></system-err>
      </testcase>
      <testcase name="Test Cases/POSITIVE - Login Berhasil" time="10.797" classname="Test Cases/POSITIVE - Login Berhasil" status="PASSED">
         <system-out><![CDATA[13-03-2025T13:13:42 - [TEST_CASE][PASSED] - Test Cases/POSITIVE - Login Berhasil: Test Cases/POSITIVE - Login Berhasil

13-03-2025T13:13:42 - [TEST_STEP][PASSED] - openBrowser(""): Browser is opened with url: ''

13-03-2025T13:13:42 - [MESSAGE][WARNING] - A browser is already opened. Closing browser and opening a new one

13-03-2025T13:13:42 - [MESSAGE][INFO] - Starting 'Chrome' driver

13-03-2025T13:13:42 - [MESSAGE][INFO] - Action delay is set to 0 milliseconds

13-03-2025T13:13:43 - [MESSAGE][PASSED] - Browser is opened with url: ''

13-03-2025T13:13:43 - [TEST_STEP][PASSED] - navigateToUrl("https://katalon-demo-cura.herokuapp.com/"): Navigate to 'https://katalon-demo-cura.herokuapp.com/' successfully

13-03-2025T13:13:46 - [MESSAGE][PASSED] - Navigate to 'https://katalon-demo-cura.herokuapp.com/' successfully

13-03-2025T13:13:46 - [TEST_STEP][PASSED] - click(findTestObject("Object Repository/Page_CURA Healthcare Service/a_Make Appointment")): Object: 'Object Repository/Page_CURA Healthcare Service/a_Make Appointment' is clicked on

13-03-2025T13:13:46 - [MESSAGE][PASSED] - Object: 'Object Repository/Page_CURA Healthcare Service/a_Make Appointment' is clicked on

13-03-2025T13:13:46 - [TEST_STEP][PASSED] - setText(findTestObject("Object Repository/Page_CURA Healthcare Service/input_Username_username"), "John Doe"): Text 'John Doe' is set on object 'Object Repository/Page_CURA Healthcare Service/input_Username_username'

13-03-2025T13:13:47 - [MESSAGE][PASSED] - Text 'John Doe' is set on object 'Object Repository/Page_CURA Healthcare Service/input_Username_username'

13-03-2025T13:13:47 - [TEST_STEP][PASSED] - setEncryptedText(findTestObject("Object Repository/Page_CURA Healthcare Service/input_Password_password"), "g3/DOGG74jC3Flrr3yH+3D/yKbOqqUNM"): Text ****** has been set on object 'Object Repository/Page_CURA Healthcare Service/input_Password_password'

13-03-2025T13:13:48 - [MESSAGE][PASSED] - Text ****** has been set on object 'Object Repository/Page_CURA Healthcare Service/input_Password_password'

13-03-2025T13:13:48 - [TEST_STEP][PASSED] - click(findTestObject("Object Repository/Page_CURA Healthcare Service/button_Login")): Object: 'Object Repository/Page_CURA Healthcare Service/button_Login' is clicked on

13-03-2025T13:13:48 - [MESSAGE][PASSED] - Object: 'Object Repository/Page_CURA Healthcare Service/button_Login' is clicked on

13-03-2025T13:13:48 - [TEST_STEP][PASSED] - selectOptionByValue(findTestObject("Object Repository/Page_CURA Healthcare Service/select_Tokyo CURA Healthcare Center        _5b4107"), "Hongkong CURA Healthcare Center", true): All options with value 'Hongkong CURA Healthcare Center' are selected in object 'Object Repository/Page_CURA Healthcare Service/select_Tokyo CURA Healthcare Center        _5b4107'  using regular expression

13-03-2025T13:13:49 - [MESSAGE][PASSED] - All options with value 'Hongkong CURA Healthcare Center' are selected in object 'Object Repository/Page_CURA Healthcare Service/select_Tokyo CURA Healthcare Center        _5b4107'  using regular expression

13-03-2025T13:13:49 - [TEST_STEP][PASSED] - click(findTestObject("Object Repository/Page_CURA Healthcare Service/input_Apply for hospital readmission_hospit_63901f")): Object: 'Object Repository/Page_CURA Healthcare Service/input_Apply for hospital readmission_hospit_63901f' is clicked on

13-03-2025T13:13:50 - [MESSAGE][PASSED] - Object: 'Object Repository/Page_CURA Healthcare Service/input_Apply for hospital readmission_hospit_63901f' is clicked on

13-03-2025T13:13:50 - [TEST_STEP][PASSED] - click(findTestObject("Object Repository/Page_CURA Healthcare Service/input_Visit Date (Required)_visit_date")): Object: 'Object Repository/Page_CURA Healthcare Service/input_Visit Date (Required)_visit_date' is clicked on

13-03-2025T13:13:50 - [MESSAGE][PASSED] - Object: 'Object Repository/Page_CURA Healthcare Service/input_Visit Date (Required)_visit_date' is clicked on

13-03-2025T13:13:50 - [TEST_STEP][PASSED] - click(findTestObject("Object Repository/Page_CURA Healthcare Service/td_13")): Object: 'Object Repository/Page_CURA Healthcare Service/td_13' is clicked on

13-03-2025T13:13:51 - [MESSAGE][PASSED] - Object: 'Object Repository/Page_CURA Healthcare Service/td_13' is clicked on

13-03-2025T13:13:51 - [TEST_STEP][PASSED] - setText(findTestObject("Object Repository/Page_CURA Healthcare Service/textarea_Comment_comment"), "test"): Text 'test' is set on object 'Object Repository/Page_CURA Healthcare Service/textarea_Comment_comment'

13-03-2025T13:13:51 - [MESSAGE][PASSED] - Text 'test' is set on object 'Object Repository/Page_CURA Healthcare Service/textarea_Comment_comment'

13-03-2025T13:13:51 - [TEST_STEP][PASSED] - click(findTestObject("Object Repository/Page_CURA Healthcare Service/button_Book Appointment")): Object: 'Object Repository/Page_CURA Healthcare Service/button_Book Appointment' is clicked on

13-03-2025T13:13:52 - [MESSAGE][PASSED] - Object: 'Object Repository/Page_CURA Healthcare Service/button_Book Appointment' is clicked on

13-03-2025T13:13:52 - [TEST_STEP][PASSED] - click(findTestObject("Object Repository/Page_CURA Healthcare Service/a_Go to Homepage")): Object: 'Object Repository/Page_CURA Healthcare Service/a_Go to Homepage' is clicked on

13-03-2025T13:13:53 - [MESSAGE][PASSED] - Object: 'Object Repository/Page_CURA Healthcare Service/a_Go to Homepage' is clicked on]]></system-out>
         <system-err><![CDATA[]]></system-err>
      </testcase>
      <testcase name="Test Cases/NEGATIVE - Password salah" time="6.344" classname="Test Cases/NEGATIVE - Password salah" status="PASSED">
         <system-out><![CDATA[13-03-2025T13:13:53 - [TEST_CASE][PASSED] - Test Cases/NEGATIVE - Password salah: Test Cases/NEGATIVE - Password salah

13-03-2025T13:13:53 - [TEST_STEP][PASSED] - openBrowser(""): Browser is opened with url: ''

13-03-2025T13:13:53 - [MESSAGE][WARNING] - A browser is already opened. Closing browser and opening a new one

13-03-2025T13:13:53 - [MESSAGE][INFO] - Starting 'Chrome' driver

13-03-2025T13:13:53 - [MESSAGE][INFO] - Action delay is set to 0 milliseconds

13-03-2025T13:13:54 - [MESSAGE][PASSED] - Browser is opened with url: ''

13-03-2025T13:13:54 - [TEST_STEP][PASSED] - navigateToUrl("https://katalon-demo-cura.herokuapp.com/"): Navigate to 'https://katalon-demo-cura.herokuapp.com/' successfully

13-03-2025T13:13:56 - [MESSAGE][PASSED] - Navigate to 'https://katalon-demo-cura.herokuapp.com/' successfully

13-03-2025T13:13:57 - [TEST_STEP][PASSED] - click(findTestObject("Object Repository/Page_CURA Healthcare Service/a_Make Appointment")): Object: 'Object Repository/Page_CURA Healthcare Service/a_Make Appointment' is clicked on

13-03-2025T13:13:57 - [MESSAGE][PASSED] - Object: 'Object Repository/Page_CURA Healthcare Service/a_Make Appointment' is clicked on

13-03-2025T13:13:57 - [TEST_STEP][PASSED] - setText(findTestObject("Object Repository/Page_CURA Healthcare Service/input_Username_username"), "anggatrinugraha"): Text 'anggatrinugraha' is set on object 'Object Repository/Page_CURA Healthcare Service/input_Username_username'

13-03-2025T13:13:58 - [MESSAGE][PASSED] - Text 'anggatrinugraha' is set on object 'Object Repository/Page_CURA Healthcare Service/input_Username_username'

13-03-2025T13:13:58 - [TEST_STEP][PASSED] - setEncryptedText(findTestObject("Object Repository/Page_CURA Healthcare Service/input_Password_password"), "8SQVv/p9jVRYfSV/eMGvjg=="): Text ****** has been set on object 'Object Repository/Page_CURA Healthcare Service/input_Password_password'

13-03-2025T13:13:58 - [MESSAGE][PASSED] - Text ****** has been set on object 'Object Repository/Page_CURA Healthcare Service/input_Password_password'

13-03-2025T13:13:58 - [TEST_STEP][PASSED] - click(findTestObject("Object Repository/Page_CURA Healthcare Service/button_Login")): Object: 'Object Repository/Page_CURA Healthcare Service/button_Login' is clicked on

13-03-2025T13:13:59 - [MESSAGE][PASSED] - Object: 'Object Repository/Page_CURA Healthcare Service/button_Login' is clicked on]]></system-out>
         <system-err><![CDATA[]]></system-err>
      </testcase>
      <system-out><![CDATA[13-03-2025T13:13:37 - [TEST_SUITE][PASSED] - Buka Web: Test Cases/NEGATIVE - Password salah]]></system-out>
      <system-err><![CDATA[]]></system-err>
   </testsuite>
</testsuites>
