<?xml version="1.0" encoding="UTF-8"?>
<testsuites name="Web demo QA" time="152.848" tests="8" failures="0" errors="0">
   <testsuite name="Web demo QA" tests="8" failures="0" errors="0" time="152.848" skipped="0" timestamp="15-03-2025T07:17:15" hostname="anggatrinugraha - localhost" id="Test Suites/Web demo QA">
      <properties>
         <property name="deviceName" value=""/>
         <property name="devicePlatform"/>
         <property name="logFolder" value="/Users/anggatrinugraha/git/Web-testing/Reports/20250315_071709/Web demo QA/20250315_071710"/>
         <property name="logFiles" value="/Users/anggatrinugraha/git/Web-testing/Reports/20250315_071709/Web demo QA/20250315_071710/execution0.log"/>
         <property name="attachments" value=""/>
         <property name="hostName" value="anggatrinugraha - localhost"/>
         <property name="os" value="Mac OS X 64bit"/>
         <property name="katalonVersion" value="10.1.0.223"/>
         <property name="browser" value="Chrome 134.0.6998.89"/>
         <property name="hostAddress" value="127.0.0.1"/>
         <property name="sessionId" value="9bb7cc56c08eaf064540e3045cb6dfe7"/>
         <property name="seleniumVersion" value="4.22.0"/>
         <property name="proxyInformation" value="ProxyInformation { proxyOption=NO_PROXY, proxyServerType=HTTP, username=, password=********, proxyServerAddress=, proxyServerPort=0, executionList=&quot;&quot;, isApplyToDesiredCapabilities=true }"/>
         <property name="platform" value="Mac OS X"/>
      </properties>
      <testcase name="Test Cases/POSITIVE - Radio Button DemoQA" time="14.335" classname="Test Cases/POSITIVE - Radio Button DemoQA" status="PASSED">
         <system-out><![CDATA[15-03-2025T07:17:15 - [TEST_CASE][PASSED] - Test Cases/POSITIVE - Radio Button DemoQA: Test Cases/POSITIVE - Radio Button DemoQA

15-03-2025T07:17:16 - [TEST_STEP][PASSED] - openBrowser(""): Browser is opened with url: ''

15-03-2025T07:17:16 - [MESSAGE][INFO] - Starting 'Chrome' driver

15-03-2025T07:17:16 - [MESSAGE][INFO] - Action delay is set to 0 milliseconds

15-03-2025T07:17:19 - [MESSAGE][PASSED] - Browser is opened with url: ''

15-03-2025T07:17:19 - [TEST_STEP][PASSED] - navigateToUrl("https://demoqa.com/"): Navigate to 'https://demoqa.com/' successfully

15-03-2025T07:17:25 - [MESSAGE][PASSED] - Navigate to 'https://demoqa.com/' successfully

15-03-2025T07:17:25 - [TEST_STEP][PASSED] - maximizeWindow(): Current window maximized

15-03-2025T07:17:25 - [MESSAGE][PASSED] - Current window maximized

15-03-2025T07:17:25 - [TEST_STEP][PASSED] - click(findTestObject("Page_DEMOQA/h5_Elements")): Object: 'Object Repository/Page_DEMOQA/h5_Elements' is clicked on

15-03-2025T07:17:26 - [MESSAGE][PASSED] - Object: 'Object Repository/Page_DEMOQA/h5_Elements' is clicked on

15-03-2025T07:17:26 - [TEST_STEP][PASSED] - click(findTestObject("Object Repository/Page_DEMOQA/li_Radio Button")): Object: 'Object Repository/Page_DEMOQA/li_Radio Button' is clicked on

15-03-2025T07:17:28 - [MESSAGE][PASSED] - Object: 'Object Repository/Page_DEMOQA/li_Radio Button' is clicked on

15-03-2025T07:17:28 - [TEST_STEP][PASSED] - click(findTestObject("Object Repository/Page_DEMOQA/label_Yes")): Object: 'Object Repository/Page_DEMOQA/label_Yes' is clicked on

15-03-2025T07:17:29 - [MESSAGE][PASSED] - Object: 'Object Repository/Page_DEMOQA/label_Yes' is clicked on

15-03-2025T07:17:29 - [TEST_STEP][PASSED] - click(findTestObject("Object Repository/Page_DEMOQA/label_Impressive")): Object: 'Object Repository/Page_DEMOQA/label_Impressive' is clicked on

15-03-2025T07:17:30 - [MESSAGE][PASSED] - Object: 'Object Repository/Page_DEMOQA/label_Impressive' is clicked on]]></system-out>
         <system-err><![CDATA[]]></system-err>
      </testcase>
      <testcase name="Test Cases/POSITIVE - Edit Table DemoQA" time="16.315" classname="Test Cases/POSITIVE - Edit Table DemoQA" status="PASSED">
         <system-out><![CDATA[15-03-2025T07:17:30 - [TEST_CASE][PASSED] - Test Cases/POSITIVE - Edit Table DemoQA: Test Cases/POSITIVE - Edit Table DemoQA

15-03-2025T07:17:30 - [TEST_STEP][PASSED] - openBrowser(""): Browser is opened with url: ''

15-03-2025T07:17:30 - [MESSAGE][WARNING] - A browser is already opened. Closing browser and opening a new one

15-03-2025T07:17:30 - [MESSAGE][INFO] - Starting 'Chrome' driver

15-03-2025T07:17:30 - [MESSAGE][INFO] - Action delay is set to 0 milliseconds

15-03-2025T07:17:31 - [MESSAGE][PASSED] - Browser is opened with url: ''

15-03-2025T07:17:31 - [TEST_STEP][PASSED] - navigateToUrl("https://demoqa.com/"): Navigate to 'https://demoqa.com/' successfully

15-03-2025T07:17:36 - [MESSAGE][PASSED] - Navigate to 'https://demoqa.com/' successfully

15-03-2025T07:17:36 - [TEST_STEP][PASSED] - maximizeWindow(): Current window maximized

15-03-2025T07:17:37 - [MESSAGE][PASSED] - Current window maximized

15-03-2025T07:17:37 - [TEST_STEP][PASSED] - click(findTestObject("Page_DEMOQA/h5_Elements")): Object: 'Object Repository/Page_DEMOQA/h5_Elements' is clicked on

15-03-2025T07:17:37 - [MESSAGE][PASSED] - Object: 'Object Repository/Page_DEMOQA/h5_Elements' is clicked on

15-03-2025T07:17:37 - [TEST_STEP][PASSED] - click(findTestObject("Object Repository/Page_DEMOQA/li_Web Tables")): Object: 'Object Repository/Page_DEMOQA/li_Web Tables' is clicked on

15-03-2025T07:17:39 - [MESSAGE][PASSED] - Object: 'Object Repository/Page_DEMOQA/li_Web Tables' is clicked on

15-03-2025T07:17:39 - [TEST_STEP][PASSED] - setText(findTestObject("Object Repository/Page_DEMOQA/input_Add_searchBox"), ""): Text '' is set on object 'Object Repository/Page_DEMOQA/input_Add_searchBox'

15-03-2025T07:17:41 - [MESSAGE][PASSED] - Text '' is set on object 'Object Repository/Page_DEMOQA/input_Add_searchBox'

15-03-2025T07:17:41 - [TEST_STEP][PASSED] - click(findTestObject("Object Repository/Page_DEMOQA/svg_1")): Object: 'Object Repository/Page_DEMOQA/svg_1' is clicked on

15-03-2025T07:17:41 - [MESSAGE][PASSED] - Object: 'Object Repository/Page_DEMOQA/svg_1' is clicked on

15-03-2025T07:17:41 - [TEST_STEP][PASSED] - setText(findTestObject("Object Repository/Page_DEMOQA/input_First Name_firstName"), "angga"): Text 'angga' is set on object 'Object Repository/Page_DEMOQA/input_First Name_firstName'

15-03-2025T07:17:42 - [MESSAGE][PASSED] - Text 'angga' is set on object 'Object Repository/Page_DEMOQA/input_First Name_firstName'

15-03-2025T07:17:42 - [TEST_STEP][PASSED] - setText(findTestObject("Object Repository/Page_DEMOQA/input_Last Name_lastName"), "trinugraha"): Text 'trinugraha' is set on object 'Object Repository/Page_DEMOQA/input_Last Name_lastName'

15-03-2025T07:17:43 - [MESSAGE][PASSED] - Text 'trinugraha' is set on object 'Object Repository/Page_DEMOQA/input_Last Name_lastName'

15-03-2025T07:17:43 - [TEST_STEP][PASSED] - setText(findTestObject("Object Repository/Page_DEMOQA/input_Age_age"), "18"): Text '18' is set on object 'Object Repository/Page_DEMOQA/input_Age_age'

15-03-2025T07:17:43 - [MESSAGE][PASSED] - Text '18' is set on object 'Object Repository/Page_DEMOQA/input_Age_age'

15-03-2025T07:17:43 - [TEST_STEP][PASSED] - setText(findTestObject("Object Repository/Page_DEMOQA/input_Email_userEmail"), "cierra@example.com"): Text 'cierra@example.com' is set on object 'Object Repository/Page_DEMOQA/input_Email_userEmail'

15-03-2025T07:17:44 - [MESSAGE][PASSED] - Text 'cierra@example.com' is set on object 'Object Repository/Page_DEMOQA/input_Email_userEmail'

15-03-2025T07:17:44 - [TEST_STEP][PASSED] - click(findTestObject("Object Repository/Page_DEMOQA/input_Email_userEmail")): Object: 'Object Repository/Page_DEMOQA/input_Email_userEmail' is clicked on

15-03-2025T07:17:44 - [MESSAGE][PASSED] - Object: 'Object Repository/Page_DEMOQA/input_Email_userEmail' is clicked on

15-03-2025T07:17:44 - [TEST_STEP][PASSED] - setText(findTestObject("Object Repository/Page_DEMOQA/input_Email_userEmail"), "anggatri78@gmail.com"): Text 'anggatri78@gmail.com' is set on object 'Object Repository/Page_DEMOQA/input_Email_userEmail'

15-03-2025T07:17:45 - [MESSAGE][PASSED] - Text 'anggatri78@gmail.com' is set on object 'Object Repository/Page_DEMOQA/input_Email_userEmail'

15-03-2025T07:17:45 - [TEST_STEP][PASSED] - setText(findTestObject("Object Repository/Page_DEMOQA/input_Salary_salary"), "500000000"): Text '500000000' is set on object 'Object Repository/Page_DEMOQA/input_Salary_salary'

15-03-2025T07:17:45 - [MESSAGE][PASSED] - Text '500000000' is set on object 'Object Repository/Page_DEMOQA/input_Salary_salary'

15-03-2025T07:17:45 - [TEST_STEP][PASSED] - click(findTestObject("Object Repository/Page_DEMOQA/button_Submit")): Object: 'Object Repository/Page_DEMOQA/button_Submit' is clicked on

15-03-2025T07:17:45 - [MESSAGE][PASSED] - Object: 'Object Repository/Page_DEMOQA/button_Submit' is clicked on

15-03-2025T07:17:45 - [TEST_STEP][PASSED] - setText(findTestObject("Object Repository/Page_DEMOQA/input_Add_searchBox"), "angga"): Text 'angga' is set on object 'Object Repository/Page_DEMOQA/input_Add_searchBox'

15-03-2025T07:17:46 - [MESSAGE][PASSED] - Text 'angga' is set on object 'Object Repository/Page_DEMOQA/input_Add_searchBox']]></system-out>
         <system-err><![CDATA[]]></system-err>
      </testcase>
      <testcase name="Test Cases/POSITIVE - Chekbox DemoQA" time="11.827" classname="Test Cases/POSITIVE - Chekbox DemoQA" status="PASSED">
         <system-out><![CDATA[15-03-2025T07:17:46 - [TEST_CASE][PASSED] - Test Cases/POSITIVE - Chekbox DemoQA: Test Cases/POSITIVE - Chekbox DemoQA

15-03-2025T07:17:46 - [TEST_STEP][PASSED] - openBrowser(""): Browser is opened with url: ''

15-03-2025T07:17:46 - [MESSAGE][WARNING] - A browser is already opened. Closing browser and opening a new one

15-03-2025T07:17:46 - [MESSAGE][INFO] - Starting 'Chrome' driver

15-03-2025T07:17:46 - [MESSAGE][INFO] - Action delay is set to 0 milliseconds

15-03-2025T07:17:47 - [MESSAGE][PASSED] - Browser is opened with url: ''

15-03-2025T07:17:47 - [TEST_STEP][PASSED] - navigateToUrl("https://demoqa.com/"): Navigate to 'https://demoqa.com/' successfully

15-03-2025T07:17:54 - [MESSAGE][PASSED] - Navigate to 'https://demoqa.com/' successfully

15-03-2025T07:17:55 - [TEST_STEP][PASSED] - maximizeWindow(): Current window maximized

15-03-2025T07:17:55 - [MESSAGE][PASSED] - Current window maximized

15-03-2025T07:17:55 - [TEST_STEP][PASSED] - click(findTestObject("Page_DEMOQA/h5_Elements")): Object: 'Object Repository/Page_DEMOQA/h5_Elements' is clicked on

15-03-2025T07:17:56 - [MESSAGE][PASSED] - Object: 'Object Repository/Page_DEMOQA/h5_Elements' is clicked on

15-03-2025T07:17:56 - [TEST_STEP][PASSED] - click(findTestObject("Object Repository/Page_DEMOQA/li_Check Box")): Object: 'Object Repository/Page_DEMOQA/li_Check Box' is clicked on

15-03-2025T07:17:57 - [MESSAGE][PASSED] - Object: 'Object Repository/Page_DEMOQA/li_Check Box' is clicked on

15-03-2025T07:17:57 - [TEST_STEP][PASSED] - click(findTestObject("Object Repository/Page_DEMOQA/svg_Check Box_rct-icon rct-icon-uncheck")): Object: 'Object Repository/Page_DEMOQA/svg_Check Box_rct-icon rct-icon-uncheck' is clicked on

15-03-2025T07:17:58 - [MESSAGE][PASSED] - Object: 'Object Repository/Page_DEMOQA/svg_Check Box_rct-icon rct-icon-uncheck' is clicked on]]></system-out>
         <system-err><![CDATA[]]></system-err>
      </testcase>
      <testcase name="Test Cases/POSITIVE - Open Link Home DemoQA" time="10.042" classname="Test Cases/POSITIVE - Open Link Home DemoQA" status="PASSED">
         <system-out><![CDATA[15-03-2025T07:17:58 - [TEST_CASE][PASSED] - Test Cases/POSITIVE - Open Link Home DemoQA: Test Cases/POSITIVE - Open Link Home DemoQA

15-03-2025T07:17:58 - [TEST_STEP][PASSED] - openBrowser(""): Browser is opened with url: ''

15-03-2025T07:17:58 - [MESSAGE][WARNING] - A browser is already opened. Closing browser and opening a new one

15-03-2025T07:17:58 - [MESSAGE][INFO] - Starting 'Chrome' driver

15-03-2025T07:17:58 - [MESSAGE][INFO] - Action delay is set to 0 milliseconds

15-03-2025T07:17:59 - [MESSAGE][PASSED] - Browser is opened with url: ''

15-03-2025T07:17:59 - [TEST_STEP][PASSED] - navigateToUrl("https://demoqa.com/"): Navigate to 'https://demoqa.com/' successfully

15-03-2025T07:18:04 - [MESSAGE][PASSED] - Navigate to 'https://demoqa.com/' successfully

15-03-2025T07:18:04 - [TEST_STEP][PASSED] - maximizeWindow(): Current window maximized

15-03-2025T07:18:05 - [MESSAGE][PASSED] - Current window maximized

15-03-2025T07:18:05 - [TEST_STEP][PASSED] - click(findTestObject("Page_DEMOQA/h5_Elements")): Object: 'Object Repository/Page_DEMOQA/h5_Elements' is clicked on

15-03-2025T07:18:06 - [MESSAGE][PASSED] - Object: 'Object Repository/Page_DEMOQA/h5_Elements' is clicked on

15-03-2025T07:18:06 - [TEST_STEP][PASSED] - click(findTestObject("Object Repository/Page_DEMOQA/li_Links")): Object: 'Object Repository/Page_DEMOQA/li_Links' is clicked on

15-03-2025T07:18:07 - [MESSAGE][PASSED] - Object: 'Object Repository/Page_DEMOQA/li_Links' is clicked on

15-03-2025T07:18:07 - [TEST_STEP][PASSED] - click(findTestObject("Object Repository/Page_DEMOQA/a_Home")): Object: 'Object Repository/Page_DEMOQA/a_Home' is clicked on

15-03-2025T07:18:08 - [MESSAGE][PASSED] - Object: 'Object Repository/Page_DEMOQA/a_Home' is clicked on]]></system-out>
         <system-err><![CDATA[]]></system-err>
      </testcase>
      <testcase name="Test Cases/POSITIVE - Click Button DemoQA" time="45.497" classname="Test Cases/POSITIVE - Click Button DemoQA" status="PASSED">
         <system-out><![CDATA[15-03-2025T07:18:08 - [TEST_CASE][PASSED] - Test Cases/POSITIVE - Click Button DemoQA: Test Cases/POSITIVE - Click Button DemoQA

15-03-2025T07:18:08 - [TEST_STEP][PASSED] - openBrowser(""): Browser is opened with url: ''

15-03-2025T07:18:08 - [MESSAGE][WARNING] - A browser is already opened. Closing browser and opening a new one

15-03-2025T07:18:08 - [MESSAGE][INFO] - Starting 'Chrome' driver

15-03-2025T07:18:08 - [MESSAGE][INFO] - Action delay is set to 0 milliseconds

15-03-2025T07:18:09 - [MESSAGE][PASSED] - Browser is opened with url: ''

15-03-2025T07:18:09 - [TEST_STEP][PASSED] - navigateToUrl("https://demoqa.com/"): Navigate to 'https://demoqa.com/' successfully

15-03-2025T07:18:15 - [MESSAGE][PASSED] - Navigate to 'https://demoqa.com/' successfully

15-03-2025T07:18:15 - [TEST_STEP][PASSED] - maximizeWindow(): Current window maximized

15-03-2025T07:18:16 - [MESSAGE][PASSED] - Current window maximized

15-03-2025T07:18:16 - [TEST_STEP][PASSED] - delay(2): Delayed 2 second(s)

15-03-2025T07:18:18 - [MESSAGE][PASSED] - Delayed 2 second(s)

15-03-2025T07:18:18 - [TEST_STEP][PASSED] - click(findTestObject("Page_DEMOQA/h5_Elements")): Object: 'Object Repository/Page_DEMOQA/h5_Elements' is clicked on

15-03-2025T07:18:18 - [MESSAGE][PASSED] - Object: 'Object Repository/Page_DEMOQA/h5_Elements' is clicked on

15-03-2025T07:18:18 - [TEST_STEP][PASSED] - click(findTestObject("Object Repository/Page_DEMOQA/li_Buttons")): Object: 'Object Repository/Page_DEMOQA/li_Buttons' is clicked on

15-03-2025T07:18:20 - [MESSAGE][PASSED] - Object: 'Object Repository/Page_DEMOQA/li_Buttons' is clicked on

15-03-2025T07:18:20 - [TEST_STEP][PASSED] - doubleClick(findTestObject("Object Repository/Page_DEMOQA/button_Double Click Me")): Object: 'Object Repository/Page_DEMOQA/button_Double Click Me' is double clicked on

15-03-2025T07:18:21 - [MESSAGE][PASSED] - Object: 'Object Repository/Page_DEMOQA/button_Double Click Me' is double clicked on

15-03-2025T07:18:21 - [TEST_STEP][PASSED] - rightClick(findTestObject("Object Repository/Page_DEMOQA/button_Right Click Me")): Object: 'Object Repository/Page_DEMOQA/button_Right Click Me' is right clicked on

15-03-2025T07:18:22 - [MESSAGE][PASSED] - Object: 'Object Repository/Page_DEMOQA/button_Right Click Me' is right clicked on

15-03-2025T07:18:22 - [TEST_STEP][PASSED] - click(findTestObject("Object Repository/Page_DEMOQA/button_Click Me")): Object: 'Object Repository/Page_DEMOQA/button_Click Me' is clicked on

15-03-2025T07:18:53 - [MESSAGE][INFO] - Unable to find the element located by 'By.xpath: //button[@id='zUSk3']'. Please recheck the objects properties to make sure the desired element is located. 

15-03-2025T07:18:53 - [MESSAGE][WARNING] - [SELF-HEALING] Failed to find element with id 'Object Repository/Page_DEMOQA/button_Click Me'. Try using Self-healing.

15-03-2025T07:18:53 - [MESSAGE][WARNING] - [SELF-HEALING] The current locator of test object 'Object Repository/Page_DEMOQA/button_Click Me' was broken. Propose an alternative one: '//div[@id='app']/div/div/div/div[2]/div[2]/div[3]/button'.

15-03-2025T07:18:54 - [MESSAGE][PASSED] - Object: 'Object Repository/Page_DEMOQA/button_Click Me' is clicked on]]></system-out>
         <system-err><![CDATA[]]></system-err>
      </testcase>
      <testcase name="Test Cases/POSITIVE - Add Table DemoQA" time="10.77" classname="Test Cases/POSITIVE - Add Table DemoQA" status="PASSED">
         <system-out><![CDATA[15-03-2025T07:18:54 - [TEST_CASE][PASSED] - Test Cases/POSITIVE - Add Table DemoQA: Test Cases/POSITIVE - Add Table DemoQA

15-03-2025T07:18:54 - [TEST_STEP][PASSED] - openBrowser(""): Browser is opened with url: ''

15-03-2025T07:18:54 - [MESSAGE][WARNING] - A browser is already opened. Closing browser and opening a new one

15-03-2025T07:18:54 - [MESSAGE][INFO] - Starting 'Chrome' driver

15-03-2025T07:18:54 - [MESSAGE][INFO] - Action delay is set to 0 milliseconds

15-03-2025T07:18:55 - [MESSAGE][PASSED] - Browser is opened with url: ''

15-03-2025T07:18:55 - [TEST_STEP][PASSED] - navigateToUrl("https://www.saucedemo.com/"): Navigate to 'https://www.saucedemo.com/' successfully

15-03-2025T07:18:55 - [MESSAGE][PASSED] - Navigate to 'https://www.saucedemo.com/' successfully

15-03-2025T07:18:55 - [TEST_STEP][PASSED] - setText(findTestObject("Object Repository/Page_Swag Labs/input_Swag Labs_user-name"), "strandard_user"): Text 'strandard_user' is set on object 'Object Repository/Page_Swag Labs/input_Swag Labs_user-name'

15-03-2025T07:18:57 - [MESSAGE][PASSED] - Text 'strandard_user' is set on object 'Object Repository/Page_Swag Labs/input_Swag Labs_user-name'

15-03-2025T07:18:57 - [TEST_STEP][PASSED] - click(findTestObject("Object Repository/Page_Swag Labs/div_Swag Labs_error-message-container")): Object: 'Object Repository/Page_Swag Labs/div_Swag Labs_error-message-container' is clicked on

15-03-2025T07:18:58 - [MESSAGE][PASSED] - Object: 'Object Repository/Page_Swag Labs/div_Swag Labs_error-message-container' is clicked on

15-03-2025T07:18:58 - [TEST_STEP][PASSED] - setText(findTestObject("Object Repository/Page_Swag Labs/input_Swag Labs_user-name"), "standard_user"): Text 'standard_user' is set on object 'Object Repository/Page_Swag Labs/input_Swag Labs_user-name'

15-03-2025T07:18:58 - [MESSAGE][PASSED] - Text 'standard_user' is set on object 'Object Repository/Page_Swag Labs/input_Swag Labs_user-name'

15-03-2025T07:18:58 - [TEST_STEP][PASSED] - setEncryptedText(findTestObject("Object Repository/Page_Swag Labs/input_Swag Labs_password"), "qcu24s4901FyWDTwXGr6XA=="): Text ****** has been set on object 'Object Repository/Page_Swag Labs/input_Swag Labs_password'

15-03-2025T07:18:58 - [MESSAGE][PASSED] - Text ****** has been set on object 'Object Repository/Page_Swag Labs/input_Swag Labs_password'

15-03-2025T07:18:58 - [TEST_STEP][PASSED] - sendKeys(findTestObject("Object Repository/Page_Swag Labs/input_Swag Labs_password"), Keys.chord(ENTER)): Keys 'ENTER + ' sent to object: 'Object Repository/Page_Swag Labs/input_Swag Labs_password'

15-03-2025T07:18:59 - [MESSAGE][PASSED] - Keys 'ENTER + ' sent to object: 'Object Repository/Page_Swag Labs/input_Swag Labs_password'

15-03-2025T07:18:59 - [TEST_STEP][PASSED] - click(findTestObject("Object Repository/Page_Swag Labs/button_Add to cart")): Object: 'Object Repository/Page_Swag Labs/button_Add to cart' is clicked on

15-03-2025T07:18:59 - [MESSAGE][PASSED] - Object: 'Object Repository/Page_Swag Labs/button_Add to cart' is clicked on

15-03-2025T07:18:59 - [TEST_STEP][PASSED] - click(findTestObject("Object Repository/Page_Swag Labs/button_Add to cart_1")): Object: 'Object Repository/Page_Swag Labs/button_Add to cart_1' is clicked on

15-03-2025T07:19:00 - [MESSAGE][PASSED] - Object: 'Object Repository/Page_Swag Labs/button_Add to cart_1' is clicked on

15-03-2025T07:19:00 - [TEST_STEP][PASSED] - click(findTestObject("Object Repository/Page_Swag Labs/a_2")): Object: 'Object Repository/Page_Swag Labs/a_2' is clicked on

15-03-2025T07:19:00 - [MESSAGE][PASSED] - Object: 'Object Repository/Page_Swag Labs/a_2' is clicked on

15-03-2025T07:19:00 - [TEST_STEP][PASSED] - click(findTestObject("Object Repository/Page_Swag Labs/button_Checkout")): Object: 'Object Repository/Page_Swag Labs/button_Checkout' is clicked on

15-03-2025T07:19:01 - [MESSAGE][PASSED] - Object: 'Object Repository/Page_Swag Labs/button_Checkout' is clicked on

15-03-2025T07:19:01 - [TEST_STEP][PASSED] - setText(findTestObject("Object Repository/Page_Swag Labs/input_Checkout Your Information_firstName"), "angga"): Text 'angga' is set on object 'Object Repository/Page_Swag Labs/input_Checkout Your Information_firstName'

15-03-2025T07:19:01 - [MESSAGE][PASSED] - Text 'angga' is set on object 'Object Repository/Page_Swag Labs/input_Checkout Your Information_firstName'

15-03-2025T07:19:01 - [TEST_STEP][PASSED] - setText(findTestObject("Object Repository/Page_Swag Labs/input_Checkout Your Information_lastName"), "trinugraha"): Text 'trinugraha' is set on object 'Object Repository/Page_Swag Labs/input_Checkout Your Information_lastName'

15-03-2025T07:19:02 - [MESSAGE][PASSED] - Text 'trinugraha' is set on object 'Object Repository/Page_Swag Labs/input_Checkout Your Information_lastName'

15-03-2025T07:19:02 - [TEST_STEP][PASSED] - setText(findTestObject("Object Repository/Page_Swag Labs/input_Checkout Your Information_postalCode"), "16451"): Text '16451' is set on object 'Object Repository/Page_Swag Labs/input_Checkout Your Information_postalCode'

15-03-2025T07:19:03 - [MESSAGE][PASSED] - Text '16451' is set on object 'Object Repository/Page_Swag Labs/input_Checkout Your Information_postalCode'

15-03-2025T07:19:03 - [TEST_STEP][PASSED] - click(findTestObject("Object Repository/Page_Swag Labs/input_Cancel_continue")): Object: 'Object Repository/Page_Swag Labs/input_Cancel_continue' is clicked on

15-03-2025T07:19:03 - [MESSAGE][PASSED] - Object: 'Object Repository/Page_Swag Labs/input_Cancel_continue' is clicked on

15-03-2025T07:19:03 - [TEST_STEP][PASSED] - click(findTestObject("Object Repository/Page_Swag Labs/button_Finish")): Object: 'Object Repository/Page_Swag Labs/button_Finish' is clicked on

15-03-2025T07:19:04 - [MESSAGE][PASSED] - Object: 'Object Repository/Page_Swag Labs/button_Finish' is clicked on

15-03-2025T07:19:04 - [TEST_STEP][PASSED] - click(findTestObject("Object Repository/Page_Swag Labs/button_Back Home")): Object: 'Object Repository/Page_Swag Labs/button_Back Home' is clicked on

15-03-2025T07:19:04 - [MESSAGE][PASSED] - Object: 'Object Repository/Page_Swag Labs/button_Back Home' is clicked on]]></system-out>
         <system-err><![CDATA[]]></system-err>
      </testcase>
      <testcase name="Test Cases/POSITIVE - Date Picker DemoQA" time="30.545" classname="Test Cases/POSITIVE - Date Picker DemoQA" status="PASSED">
         <system-out><![CDATA[15-03-2025T07:19:04 - [TEST_CASE][PASSED] - Test Cases/POSITIVE - Date Picker DemoQA: Test Cases/POSITIVE - Date Picker DemoQA

15-03-2025T07:19:04 - [TEST_STEP][PASSED] - openBrowser(""): Browser is opened with url: ''

15-03-2025T07:19:04 - [MESSAGE][WARNING] - A browser is already opened. Closing browser and opening a new one

15-03-2025T07:19:04 - [MESSAGE][INFO] - Starting 'Chrome' driver

15-03-2025T07:19:04 - [MESSAGE][INFO] - Action delay is set to 0 milliseconds

15-03-2025T07:19:05 - [MESSAGE][PASSED] - Browser is opened with url: ''

15-03-2025T07:19:05 - [TEST_STEP][PASSED] - navigateToUrl("https://demoqa.com/"): Navigate to 'https://demoqa.com/' successfully

15-03-2025T07:19:13 - [MESSAGE][PASSED] - Navigate to 'https://demoqa.com/' successfully

15-03-2025T07:19:13 - [TEST_STEP][PASSED] - maximizeWindow(): Current window maximized

15-03-2025T07:19:13 - [MESSAGE][PASSED] - Current window maximized

15-03-2025T07:19:13 - [TEST_STEP][PASSED] - click(findTestObject("Page_DEMOQA/h5_Elements")): Object: 'Object Repository/Page_DEMOQA/h5_Elements' is clicked on

15-03-2025T07:19:14 - [MESSAGE][PASSED] - Object: 'Object Repository/Page_DEMOQA/h5_Elements' is clicked on

15-03-2025T07:19:14 - [TEST_STEP][PASSED] - scrollToElement(findTestObject("Page_DEMOQA/div_Widgets"), 0): Scroll to object 'Object Repository/Page_DEMOQA/div_Widgets' successfully

15-03-2025T07:19:14 - [MESSAGE][WARNING] - Timeout '0' is invalid. Using default page load timeout: '30'

15-03-2025T07:19:15 - [MESSAGE][PASSED] - Scroll to object 'Object Repository/Page_DEMOQA/div_Widgets' successfully

15-03-2025T07:19:15 - [TEST_STEP][PASSED] - click(findTestObject("Page_DEMOQA/div_Widgets")): Object: 'Object Repository/Page_DEMOQA/div_Widgets' is clicked on

15-03-2025T07:19:17 - [MESSAGE][PASSED] - Object: 'Object Repository/Page_DEMOQA/div_Widgets' is clicked on

15-03-2025T07:19:17 - [TEST_STEP][PASSED] - click(findTestObject("Object Repository/Page_DEMOQA/span_Date Picker")): Object: 'Object Repository/Page_DEMOQA/span_Date Picker' is clicked on

15-03-2025T07:19:17 - [MESSAGE][PASSED] - Object: 'Object Repository/Page_DEMOQA/span_Date Picker' is clicked on

15-03-2025T07:19:17 - [TEST_STEP][PASSED] - click(findTestObject("Object Repository/Page_DEMOQA/input_Select Date_datePickerMonthYearInput")): Object: 'Object Repository/Page_DEMOQA/input_Select Date_datePickerMonthYearInput' is clicked on

15-03-2025T07:19:18 - [MESSAGE][PASSED] - Object: 'Object Repository/Page_DEMOQA/input_Select Date_datePickerMonthYearInput' is clicked on

15-03-2025T07:19:18 - [TEST_STEP][PASSED] - selectOptionByValue(findTestObject("Object Repository/Page_DEMOQA/select_190019011902190319041905190619071908_246ee1"), "1998", true): All options with value '1998' are selected in object 'Object Repository/Page_DEMOQA/select_190019011902190319041905190619071908_246ee1'  using regular expression

15-03-2025T07:19:20 - [MESSAGE][PASSED] - All options with value '1998' are selected in object 'Object Repository/Page_DEMOQA/select_190019011902190319041905190619071908_246ee1'  using regular expression

15-03-2025T07:19:20 - [TEST_STEP][PASSED] - selectOptionByValue(findTestObject("Object Repository/Page_DEMOQA/select_JanuaryFebruaryMarchAprilMayJuneJuly_566629"), "9", true): All options with value '9' are selected in object 'Object Repository/Page_DEMOQA/select_JanuaryFebruaryMarchAprilMayJuneJuly_566629'  using regular expression

15-03-2025T07:19:21 - [MESSAGE][PASSED] - All options with value '9' are selected in object 'Object Repository/Page_DEMOQA/select_JanuaryFebruaryMarchAprilMayJuneJuly_566629'  using regular expression

15-03-2025T07:19:21 - [TEST_STEP][PASSED] - click(findTestObject("Object Repository/Page_DEMOQA/div_15")): Object: 'Object Repository/Page_DEMOQA/div_15' is clicked on

15-03-2025T07:19:21 - [MESSAGE][PASSED] - Object: 'Object Repository/Page_DEMOQA/div_15' is clicked on

15-03-2025T07:19:21 - [TEST_STEP][PASSED] - scrollToElement(findTestObject("Page_DEMOQA/div"), 0): Scroll to object 'Object Repository/Page_DEMOQA/div' successfully

15-03-2025T07:19:21 - [MESSAGE][WARNING] - Timeout '0' is invalid. Using default page load timeout: '30'

15-03-2025T07:19:21 - [MESSAGE][PASSED] - Scroll to object 'Object Repository/Page_DEMOQA/div' successfully

15-03-2025T07:19:21 - [TEST_STEP][PASSED] - click(findTestObject("Object Repository/Page_DEMOQA/input_Date And Time_dateAndTimePickerInput")): Object: 'Object Repository/Page_DEMOQA/input_Date And Time_dateAndTimePickerInput' is clicked on

15-03-2025T07:19:22 - [MESSAGE][PASSED] - Object: 'Object Repository/Page_DEMOQA/input_Date And Time_dateAndTimePickerInput' is clicked on

15-03-2025T07:19:22 - [TEST_STEP][PASSED] - click(findTestObject("Object Repository/Page_DEMOQA/span_March_react-datepicker__year-read-view_281a40")): Object: 'Object Repository/Page_DEMOQA/span_March_react-datepicker__year-read-view_281a40' is clicked on

15-03-2025T07:19:22 - [MESSAGE][PASSED] - Object: 'Object Repository/Page_DEMOQA/span_March_react-datepicker__year-read-view_281a40' is clicked on

15-03-2025T07:19:22 - [TEST_STEP][PASSED] - click(findTestObject("Page_DEMOQA/a__react-datepicker__navigation react-datepicker__navigation--years react-datepicker__navigation--years-previous")): Object: 'Object Repository/Page_DEMOQA/a__react-datepicker__navigation react-datepicker__navigation--years react-datepicker__navigation--years-previous' is clicked on

15-03-2025T07:19:23 - [MESSAGE][PASSED] - Object: 'Object Repository/Page_DEMOQA/a__react-datepicker__navigation react-datepicker__navigation--years react-datepicker__navigation--years-previous' is clicked on

15-03-2025T07:19:23 - [TEST_STEP][PASSED] - click(findTestObject("Page_DEMOQA/a__react-datepicker__navigation react-datepicker__navigation--years react-datepicker__navigation--years-previous")): Object: 'Object Repository/Page_DEMOQA/a__react-datepicker__navigation react-datepicker__navigation--years react-datepicker__navigation--years-previous' is clicked on

15-03-2025T07:19:23 - [MESSAGE][PASSED] - Object: 'Object Repository/Page_DEMOQA/a__react-datepicker__navigation react-datepicker__navigation--years react-datepicker__navigation--years-previous' is clicked on

15-03-2025T07:19:23 - [TEST_STEP][PASSED] - click(findTestObject("Page_DEMOQA/a__react-datepicker__navigation react-datepicker__navigation--years react-datepicker__navigation--years-previous")): Object: 'Object Repository/Page_DEMOQA/a__react-datepicker__navigation react-datepicker__navigation--years react-datepicker__navigation--years-previous' is clicked on

15-03-2025T07:19:24 - [MESSAGE][PASSED] - Object: 'Object Repository/Page_DEMOQA/a__react-datepicker__navigation react-datepicker__navigation--years react-datepicker__navigation--years-previous' is clicked on

15-03-2025T07:19:24 - [TEST_STEP][PASSED] - click(findTestObject("Page_DEMOQA/a__react-datepicker__navigation react-datepicker__navigation--years react-datepicker__navigation--years-previous")): Object: 'Object Repository/Page_DEMOQA/a__react-datepicker__navigation react-datepicker__navigation--years react-datepicker__navigation--years-previous' is clicked on

15-03-2025T07:19:24 - [MESSAGE][PASSED] - Object: 'Object Repository/Page_DEMOQA/a__react-datepicker__navigation react-datepicker__navigation--years react-datepicker__navigation--years-previous' is clicked on

15-03-2025T07:19:24 - [TEST_STEP][PASSED] - click(findTestObject("Page_DEMOQA/a__react-datepicker__navigation react-datepicker__navigation--years react-datepicker__navigation--years-previous")): Object: 'Object Repository/Page_DEMOQA/a__react-datepicker__navigation react-datepicker__navigation--years react-datepicker__navigation--years-previous' is clicked on

15-03-2025T07:19:25 - [MESSAGE][PASSED] - Object: 'Object Repository/Page_DEMOQA/a__react-datepicker__navigation react-datepicker__navigation--years react-datepicker__navigation--years-previous' is clicked on

15-03-2025T07:19:25 - [TEST_STEP][PASSED] - click(findTestObject("Page_DEMOQA/a__react-datepicker__navigation react-datepicker__navigation--years react-datepicker__navigation--years-previous")): Object: 'Object Repository/Page_DEMOQA/a__react-datepicker__navigation react-datepicker__navigation--years react-datepicker__navigation--years-previous' is clicked on

15-03-2025T07:19:25 - [MESSAGE][PASSED] - Object: 'Object Repository/Page_DEMOQA/a__react-datepicker__navigation react-datepicker__navigation--years react-datepicker__navigation--years-previous' is clicked on

15-03-2025T07:19:25 - [TEST_STEP][PASSED] - click(findTestObject("Page_DEMOQA/a__react-datepicker__navigation react-datepicker__navigation--years react-datepicker__navigation--years-previous")): Object: 'Object Repository/Page_DEMOQA/a__react-datepicker__navigation react-datepicker__navigation--years react-datepicker__navigation--years-previous' is clicked on

15-03-2025T07:19:26 - [MESSAGE][PASSED] - Object: 'Object Repository/Page_DEMOQA/a__react-datepicker__navigation react-datepicker__navigation--years react-datepicker__navigation--years-previous' is clicked on

15-03-2025T07:19:26 - [TEST_STEP][PASSED] - click(findTestObject("Page_DEMOQA/a__react-datepicker__navigation react-datepicker__navigation--years react-datepicker__navigation--years-previous")): Object: 'Object Repository/Page_DEMOQA/a__react-datepicker__navigation react-datepicker__navigation--years react-datepicker__navigation--years-previous' is clicked on

15-03-2025T07:19:26 - [MESSAGE][PASSED] - Object: 'Object Repository/Page_DEMOQA/a__react-datepicker__navigation react-datepicker__navigation--years react-datepicker__navigation--years-previous' is clicked on

15-03-2025T07:19:26 - [TEST_STEP][PASSED] - click(findTestObject("Page_DEMOQA/a__react-datepicker__navigation react-datepicker__navigation--years react-datepicker__navigation--years-previous")): Object: 'Object Repository/Page_DEMOQA/a__react-datepicker__navigation react-datepicker__navigation--years react-datepicker__navigation--years-previous' is clicked on

15-03-2025T07:19:26 - [MESSAGE][PASSED] - Object: 'Object Repository/Page_DEMOQA/a__react-datepicker__navigation react-datepicker__navigation--years react-datepicker__navigation--years-previous' is clicked on

15-03-2025T07:19:27 - [TEST_STEP][PASSED] - click(findTestObject("Page_DEMOQA/a__react-datepicker__navigation react-datepicker__navigation--years react-datepicker__navigation--years-previous")): Object: 'Object Repository/Page_DEMOQA/a__react-datepicker__navigation react-datepicker__navigation--years react-datepicker__navigation--years-previous' is clicked on

15-03-2025T07:19:27 - [MESSAGE][PASSED] - Object: 'Object Repository/Page_DEMOQA/a__react-datepicker__navigation react-datepicker__navigation--years react-datepicker__navigation--years-previous' is clicked on

15-03-2025T07:19:27 - [TEST_STEP][PASSED] - click(findTestObject("Page_DEMOQA/a__react-datepicker__navigation react-datepicker__navigation--years react-datepicker__navigation--years-previous")): Object: 'Object Repository/Page_DEMOQA/a__react-datepicker__navigation react-datepicker__navigation--years react-datepicker__navigation--years-previous' is clicked on

15-03-2025T07:19:27 - [MESSAGE][PASSED] - Object: 'Object Repository/Page_DEMOQA/a__react-datepicker__navigation react-datepicker__navigation--years react-datepicker__navigation--years-previous' is clicked on

15-03-2025T07:19:27 - [TEST_STEP][PASSED] - click(findTestObject("Page_DEMOQA/a__react-datepicker__navigation react-datepicker__navigation--years react-datepicker__navigation--years-previous")): Object: 'Object Repository/Page_DEMOQA/a__react-datepicker__navigation react-datepicker__navigation--years react-datepicker__navigation--years-previous' is clicked on

15-03-2025T07:19:28 - [MESSAGE][PASSED] - Object: 'Object Repository/Page_DEMOQA/a__react-datepicker__navigation react-datepicker__navigation--years react-datepicker__navigation--years-previous' is clicked on

15-03-2025T07:19:28 - [TEST_STEP][PASSED] - click(findTestObject("Page_DEMOQA/a__react-datepicker__navigation react-datepicker__navigation--years react-datepicker__navigation--years-previous")): Object: 'Object Repository/Page_DEMOQA/a__react-datepicker__navigation react-datepicker__navigation--years react-datepicker__navigation--years-previous' is clicked on

15-03-2025T07:19:28 - [MESSAGE][PASSED] - Object: 'Object Repository/Page_DEMOQA/a__react-datepicker__navigation react-datepicker__navigation--years react-datepicker__navigation--years-previous' is clicked on

15-03-2025T07:19:28 - [TEST_STEP][PASSED] - click(findTestObject("Page_DEMOQA/a__react-datepicker__navigation react-datepicker__navigation--years react-datepicker__navigation--years-previous")): Object: 'Object Repository/Page_DEMOQA/a__react-datepicker__navigation react-datepicker__navigation--years react-datepicker__navigation--years-previous' is clicked on

15-03-2025T07:19:29 - [MESSAGE][PASSED] - Object: 'Object Repository/Page_DEMOQA/a__react-datepicker__navigation react-datepicker__navigation--years react-datepicker__navigation--years-previous' is clicked on

15-03-2025T07:19:29 - [TEST_STEP][PASSED] - click(findTestObject("Page_DEMOQA/a__react-datepicker__navigation react-datepicker__navigation--years react-datepicker__navigation--years-previous")): Object: 'Object Repository/Page_DEMOQA/a__react-datepicker__navigation react-datepicker__navigation--years react-datepicker__navigation--years-previous' is clicked on

15-03-2025T07:19:29 - [MESSAGE][PASSED] - Object: 'Object Repository/Page_DEMOQA/a__react-datepicker__navigation react-datepicker__navigation--years react-datepicker__navigation--years-previous' is clicked on

15-03-2025T07:19:29 - [TEST_STEP][PASSED] - click(findTestObject("Page_DEMOQA/a__react-datepicker__navigation react-datepicker__navigation--years react-datepicker__navigation--years-previous"), STOP_ON_FAILURE): Object: 'Object Repository/Page_DEMOQA/a__react-datepicker__navigation react-datepicker__navigation--years react-datepicker__navigation--years-previous' is clicked on

15-03-2025T07:19:30 - [MESSAGE][PASSED] - Object: 'Object Repository/Page_DEMOQA/a__react-datepicker__navigation react-datepicker__navigation--years react-datepicker__navigation--years-previous' is clicked on

15-03-2025T07:19:30 - [TEST_STEP][PASSED] - click(findTestObject("Page_DEMOQA/a__react-datepicker__navigation react-datepicker__navigation--years react-datepicker__navigation--years-previous")): Object: 'Object Repository/Page_DEMOQA/a__react-datepicker__navigation react-datepicker__navigation--years react-datepicker__navigation--years-previous' is clicked on

15-03-2025T07:19:30 - [MESSAGE][PASSED] - Object: 'Object Repository/Page_DEMOQA/a__react-datepicker__navigation react-datepicker__navigation--years react-datepicker__navigation--years-previous' is clicked on

15-03-2025T07:19:30 - [TEST_STEP][PASSED] - click(findTestObject("Page_DEMOQA/a__react-datepicker__navigation react-datepicker__navigation--years react-datepicker__navigation--years-previous")): Object: 'Object Repository/Page_DEMOQA/a__react-datepicker__navigation react-datepicker__navigation--years react-datepicker__navigation--years-previous' is clicked on

15-03-2025T07:19:31 - [MESSAGE][PASSED] - Object: 'Object Repository/Page_DEMOQA/a__react-datepicker__navigation react-datepicker__navigation--years react-datepicker__navigation--years-previous' is clicked on

15-03-2025T07:19:31 - [TEST_STEP][PASSED] - click(findTestObject("Page_DEMOQA/a__react-datepicker__navigation react-datepicker__navigation--years react-datepicker__navigation--years-previous")): Object: 'Object Repository/Page_DEMOQA/a__react-datepicker__navigation react-datepicker__navigation--years react-datepicker__navigation--years-previous' is clicked on

15-03-2025T07:19:31 - [MESSAGE][PASSED] - Object: 'Object Repository/Page_DEMOQA/a__react-datepicker__navigation react-datepicker__navigation--years react-datepicker__navigation--years-previous' is clicked on

15-03-2025T07:19:31 - [TEST_STEP][PASSED] - click(findTestObject("Page_DEMOQA/a__react-datepicker__navigation react-datepicker__navigation--years react-datepicker__navigation--years-previous")): Object: 'Object Repository/Page_DEMOQA/a__react-datepicker__navigation react-datepicker__navigation--years react-datepicker__navigation--years-previous' is clicked on

15-03-2025T07:19:32 - [MESSAGE][PASSED] - Object: 'Object Repository/Page_DEMOQA/a__react-datepicker__navigation react-datepicker__navigation--years react-datepicker__navigation--years-previous' is clicked on

15-03-2025T07:19:32 - [TEST_STEP][PASSED] - click(findTestObject("Page_DEMOQA/a__react-datepicker__navigation react-datepicker__navigation--years react-datepicker__navigation--years-previous")): Object: 'Object Repository/Page_DEMOQA/a__react-datepicker__navigation react-datepicker__navigation--years react-datepicker__navigation--years-previous' is clicked on

15-03-2025T07:19:32 - [MESSAGE][PASSED] - Object: 'Object Repository/Page_DEMOQA/a__react-datepicker__navigation react-datepicker__navigation--years react-datepicker__navigation--years-previous' is clicked on

15-03-2025T07:19:32 - [TEST_STEP][PASSED] - click(findTestObject("Page_DEMOQA/a__react-datepicker__navigation react-datepicker__navigation--years react-datepicker__navigation--years-previous")): Object: 'Object Repository/Page_DEMOQA/a__react-datepicker__navigation react-datepicker__navigation--years react-datepicker__navigation--years-previous' is clicked on

15-03-2025T07:19:33 - [MESSAGE][PASSED] - Object: 'Object Repository/Page_DEMOQA/a__react-datepicker__navigation react-datepicker__navigation--years react-datepicker__navigation--years-previous' is clicked on

15-03-2025T07:19:33 - [TEST_STEP][PASSED] - click(findTestObject("Object Repository/Page_DEMOQA/div_1998")): Object: 'Object Repository/Page_DEMOQA/div_1998' is clicked on

15-03-2025T07:19:33 - [MESSAGE][PASSED] - Object: 'Object Repository/Page_DEMOQA/div_1998' is clicked on

15-03-2025T07:19:33 - [TEST_STEP][PASSED] - click(findTestObject("Object Repository/Page_DEMOQA/span_March 1998_react-datepicker__month-rea_d49733")): Object: 'Object Repository/Page_DEMOQA/span_March 1998_react-datepicker__month-rea_d49733' is clicked on

15-03-2025T07:19:34 - [MESSAGE][PASSED] - Object: 'Object Repository/Page_DEMOQA/span_March 1998_react-datepicker__month-rea_d49733' is clicked on

15-03-2025T07:19:34 - [TEST_STEP][PASSED] - click(findTestObject("Object Repository/Page_DEMOQA/div_October")): Object: 'Object Repository/Page_DEMOQA/div_October' is clicked on

15-03-2025T07:19:34 - [MESSAGE][PASSED] - Object: 'Object Repository/Page_DEMOQA/div_October' is clicked on

15-03-2025T07:19:34 - [TEST_STEP][PASSED] - click(findTestObject("Page_DEMOQA/div_15_1")): Object: 'Object Repository/Page_DEMOQA/div_15_1' is clicked on

15-03-2025T07:19:35 - [MESSAGE][PASSED] - Object: 'Object Repository/Page_DEMOQA/div_15_1' is clicked on

15-03-2025T07:19:35 - [TEST_STEP][PASSED] - click(findTestObject("Object Repository/Page_DEMOQA/li_0500")): Object: 'Object Repository/Page_DEMOQA/li_0500' is clicked on

15-03-2025T07:19:35 - [MESSAGE][PASSED] - Object: 'Object Repository/Page_DEMOQA/li_0500' is clicked on]]></system-out>
         <system-err><![CDATA[]]></system-err>
      </testcase>
      <testcase name="Test Cases/POSITIVE - Text Box DemoQA" time="13.379" classname="Test Cases/POSITIVE - Text Box DemoQA" status="PASSED">
         <system-out><![CDATA[15-03-2025T07:19:35 - [TEST_CASE][PASSED] - Test Cases/POSITIVE - Text Box DemoQA: Test Cases/POSITIVE - Text Box DemoQA

15-03-2025T07:19:35 - [TEST_STEP][PASSED] - openBrowser(""): Browser is opened with url: ''

15-03-2025T07:19:35 - [MESSAGE][WARNING] - A browser is already opened. Closing browser and opening a new one

15-03-2025T07:19:35 - [MESSAGE][INFO] - Starting 'Chrome' driver

15-03-2025T07:19:35 - [MESSAGE][INFO] - Action delay is set to 0 milliseconds

15-03-2025T07:19:36 - [MESSAGE][PASSED] - Browser is opened with url: ''

15-03-2025T07:19:36 - [TEST_STEP][PASSED] - navigateToUrl("https://demoqa.com/"): Navigate to 'https://demoqa.com/' successfully

15-03-2025T07:19:42 - [MESSAGE][PASSED] - Navigate to 'https://demoqa.com/' successfully

15-03-2025T07:19:42 - [TEST_STEP][PASSED] - maximizeWindow(): Current window maximized

15-03-2025T07:19:42 - [MESSAGE][PASSED] - Current window maximized

15-03-2025T07:19:42 - [TEST_STEP][PASSED] - click(findTestObject("Page_DEMOQA/h5_Elements")): Object: 'Object Repository/Page_DEMOQA/h5_Elements' is clicked on

15-03-2025T07:19:43 - [MESSAGE][PASSED] - Object: 'Object Repository/Page_DEMOQA/h5_Elements' is clicked on

15-03-2025T07:19:43 - [TEST_STEP][PASSED] - click(findTestObject("Object Repository/Page_DEMOQA/li_Text Box")): Object: 'Object Repository/Page_DEMOQA/li_Text Box' is clicked on

15-03-2025T07:19:45 - [MESSAGE][PASSED] - Object: 'Object Repository/Page_DEMOQA/li_Text Box' is clicked on

15-03-2025T07:19:45 - [TEST_STEP][PASSED] - setText(findTestObject("Object Repository/Page_DEMOQA/input_Full Name_userName"), "angga"): Text 'angga' is set on object 'Object Repository/Page_DEMOQA/input_Full Name_userName'

15-03-2025T07:19:46 - [MESSAGE][PASSED] - Text 'angga' is set on object 'Object Repository/Page_DEMOQA/input_Full Name_userName'

15-03-2025T07:19:46 - [TEST_STEP][PASSED] - setText(findTestObject("Object Repository/Page_DEMOQA/input_Email_userEmail"), "anggatri78@gmail.com"): Text 'anggatri78@gmail.com' is set on object 'Object Repository/Page_DEMOQA/input_Email_userEmail'

15-03-2025T07:19:47 - [MESSAGE][PASSED] - Text 'anggatri78@gmail.com' is set on object 'Object Repository/Page_DEMOQA/input_Email_userEmail'

15-03-2025T07:19:47 - [TEST_STEP][PASSED] - setText(findTestObject("Object Repository/Page_DEMOQA/textarea_Current Address_currentAddress"), "anggatri78@gmail.com"): Text 'anggatri78@gmail.com' is set on object 'Object Repository/Page_DEMOQA/textarea_Current Address_currentAddress'

15-03-2025T07:19:47 - [MESSAGE][PASSED] - Text 'anggatri78@gmail.com' is set on object 'Object Repository/Page_DEMOQA/textarea_Current Address_currentAddress'

15-03-2025T07:19:47 - [TEST_STEP][PASSED] - setText(findTestObject("Object Repository/Page_DEMOQA/textarea_Permanent Address_permanentAddress"), "jalan kucica"): Text 'jalan kucica' is set on object 'Object Repository/Page_DEMOQA/textarea_Permanent Address_permanentAddress'

15-03-2025T07:19:48 - [MESSAGE][PASSED] - Text 'jalan kucica' is set on object 'Object Repository/Page_DEMOQA/textarea_Permanent Address_permanentAddress'

15-03-2025T07:19:48 - [TEST_STEP][PASSED] - scrollToElement(findTestObject("Page_DEMOQA/button_Submit"), 0): Scroll to object 'Object Repository/Page_DEMOQA/button_Submit' successfully

15-03-2025T07:19:48 - [MESSAGE][WARNING] - Timeout '0' is invalid. Using default page load timeout: '30'

15-03-2025T07:19:48 - [MESSAGE][PASSED] - Scroll to object 'Object Repository/Page_DEMOQA/button_Submit' successfully

15-03-2025T07:19:48 - [TEST_STEP][PASSED] - click(findTestObject("Object Repository/Page_DEMOQA/button_Submit")): Object: 'Object Repository/Page_DEMOQA/button_Submit' is clicked on

15-03-2025T07:19:48 - [MESSAGE][PASSED] - Object: 'Object Repository/Page_DEMOQA/button_Submit' is clicked on]]></system-out>
         <system-err><![CDATA[]]></system-err>
      </testcase>
      <system-out><![CDATA[15-03-2025T07:17:15 - [TEST_SUITE][PASSED] - Web demo QA: Test Cases/POSITIVE - Text Box DemoQA]]></system-out>
      <system-err><![CDATA[]]></system-err>
   </testsuite>
</testsuites>
