<?xml version="1.0" encoding="UTF-8"?>
<testsuites name="Web DemoQA dan Saucedemo" time="21.278" tests="2" failures="0" errors="0">
   <testsuite name="Web DemoQA dan Saucedemo" tests="2" failures="0" errors="0" time="21.278" skipped="0" timestamp="13-03-2025T17:32:01" hostname="anggatrinugraha - localhost" id="Test Suites/Web DemoQA dan Saucedemo">
      <properties>
         <property name="deviceName" value=""/>
         <property name="devicePlatform"/>
         <property name="logFolder" value="/Users/anggatrinugraha/git/Web-testing/Reports/20250313_173158/Web DemoQA dan Saucedemo/20250313_173159"/>
         <property name="logFiles" value="/Users/anggatrinugraha/git/Web-testing/Reports/20250313_173158/Web DemoQA dan Saucedemo/20250313_173159/execution0.log"/>
         <property name="attachments" value="/Users/anggatrinugraha/git/Web-testing/Reports/20250313_173158/Web DemoQA dan Saucedemo/20250313_173159/1741861942017.png"/>
         <property name="hostName" value="anggatrinugraha - localhost"/>
         <property name="os" value="Mac OS X 64bit"/>
         <property name="katalonVersion" value="10.1.0.223"/>
         <property name="browser" value="Chrome 134.0.6998.89"/>
         <property name="hostAddress" value="127.0.0.1"/>
         <property name="sessionId" value="ce03c579c364e2d9b5708d5f93b5efaf"/>
         <property name="seleniumVersion" value="4.22.0"/>
         <property name="proxyInformation" value="ProxyInformation { proxyOption=NO_PROXY, proxyServerType=HTTP, username=, password=********, proxyServerAddress=, proxyServerPort=0, executionList=&quot;&quot;, isApplyToDesiredCapabilities=true }"/>
         <property name="platform" value="Mac OS X"/>
      </properties>
      <testcase name="Test Cases/test" time="6.587" classname="Test Cases/test" status="PASSED">
         <system-out><![CDATA[13-03-2025T17:32:01 - [TEST_CASE][PASSED] - Test Cases/test: Test Cases/test

13-03-2025T17:32:01 - [TEST_STEP][PASSED] - openBrowser(""): Browser is opened with url: ''

13-03-2025T17:32:01 - [MESSAGE][INFO] - Starting 'Chrome' driver

13-03-2025T17:32:01 - [MESSAGE][INFO] - Action delay is set to 0 milliseconds

13-03-2025T17:32:03 - [MESSAGE][PASSED] - Browser is opened with url: ''

13-03-2025T17:32:03 - [TEST_STEP][PASSED] - navigateToUrl("https://www.saucedemo.com/"): Navigate to 'https://www.saucedemo.com/' successfully

13-03-2025T17:32:03 - [MESSAGE][PASSED] - Navigate to 'https://www.saucedemo.com/' successfully

13-03-2025T17:32:03 - [TEST_STEP][PASSED] - setText(findTestObject("Object Repository/Page_Swag Labs/input_Swag Labs_user-name"), "standard_user"): Text 'standard_user' is set on object 'Object Repository/Page_Swag Labs/input_Swag Labs_user-name'

13-03-2025T17:32:05 - [MESSAGE][PASSED] - Text 'standard_user' is set on object 'Object Repository/Page_Swag Labs/input_Swag Labs_user-name'

13-03-2025T17:32:05 - [TEST_STEP][PASSED] - setEncryptedText(findTestObject("Object Repository/Page_Swag Labs/input_Swag Labs_password"), "qcu24s4901FyWDTwXGr6XA=="): Text ****** has been set on object 'Object Repository/Page_Swag Labs/input_Swag Labs_password'

13-03-2025T17:32:06 - [MESSAGE][PASSED] - Text ****** has been set on object 'Object Repository/Page_Swag Labs/input_Swag Labs_password'

13-03-2025T17:32:06 - [TEST_STEP][PASSED] - click(findTestObject("Object Repository/Page_Swag Labs/input_Swag Labs_login-button")): Object: 'Object Repository/Page_Swag Labs/input_Swag Labs_login-button' is clicked on

13-03-2025T17:32:06 - [MESSAGE][PASSED] - Object: 'Object Repository/Page_Swag Labs/input_Swag Labs_login-button' is clicked on

13-03-2025T17:32:06 - [TEST_STEP][PASSED] - selectOptionByValue(findTestObject("Object Repository/Page_Swag Labs/select_Name (A to Z)Name (Z to A)Price (low_f7e90a"), "za", false): All options with value 'za' are selected in object 'Object Repository/Page_Swag Labs/select_Name (A to Z)Name (Z to A)Price (low_f7e90a' 

13-03-2025T17:32:07 - [MESSAGE][PASSED] - All options with value 'za' are selected in object 'Object Repository/Page_Swag Labs/select_Name (A to Z)Name (Z to A)Price (low_f7e90a' 

13-03-2025T17:32:07 - [TEST_STEP][PASSED] - selectOptionByValue(findTestObject("Object Repository/Page_Swag Labs/select_Name (A to Z)Name (Z to A)Price (low_f7e90a"), "lohi", false): All options with value 'lohi' are selected in object 'Object Repository/Page_Swag Labs/select_Name (A to Z)Name (Z to A)Price (low_f7e90a' 

13-03-2025T17:32:07 - [MESSAGE][PASSED] - All options with value 'lohi' are selected in object 'Object Repository/Page_Swag Labs/select_Name (A to Z)Name (Z to A)Price (low_f7e90a']]></system-out>
         <system-err><![CDATA[]]></system-err>
      </testcase>
      <testcase name="Test Cases/test 2" time="14.589" classname="Test Cases/test 2" status="PASSED">
         <system-out><![CDATA[13-03-2025T17:32:07 - [TEST_CASE][PASSED] - Test Cases/test 2: Test Cases/test 2

13-03-2025T17:32:07 - [TEST_STEP][PASSED] - openBrowser(""): Browser is opened with url: ''

13-03-2025T17:32:07 - [MESSAGE][WARNING] - A browser is already opened. Closing browser and opening a new one

13-03-2025T17:32:08 - [MESSAGE][INFO] - Starting 'Chrome' driver

13-03-2025T17:32:08 - [MESSAGE][INFO] - Action delay is set to 0 milliseconds

13-03-2025T17:32:08 - [MESSAGE][PASSED] - Browser is opened with url: ''

13-03-2025T17:32:08 - [TEST_STEP][PASSED] - navigateToUrl("https://demoqa.com/"): Navigate to 'https://demoqa.com/' successfully

13-03-2025T17:32:12 - [MESSAGE][PASSED] - Navigate to 'https://demoqa.com/' successfully

13-03-2025T17:32:12 - [TEST_STEP][PASSED] - maximizeWindow(): Current window maximized

13-03-2025T17:32:13 - [MESSAGE][PASSED] - Current window maximized

13-03-2025T17:32:13 - [TEST_STEP][PASSED] - scrollToElement(findTestObject("Page_DEMOQA/svg"), 0): Scroll to object 'Object Repository/Page_DEMOQA/svg' successfully

13-03-2025T17:32:13 - [MESSAGE][WARNING] - Timeout '0' is invalid. Using default page load timeout: '30'

13-03-2025T17:32:14 - [MESSAGE][PASSED] - Scroll to object 'Object Repository/Page_DEMOQA/svg' successfully

13-03-2025T17:32:14 - [TEST_STEP][PASSED] - click(findTestObject("Object Repository/Page_DEMOQA/svg")): Object: 'Object Repository/Page_DEMOQA/svg' is clicked on

13-03-2025T17:32:14 - [MESSAGE][PASSED] - Object: 'Object Repository/Page_DEMOQA/svg' is clicked on

13-03-2025T17:32:14 - [TEST_STEP][PASSED] - setText(findTestObject("Object Repository/Page_DEMOQA/input_Book Store API_searchBox"), "git"): Text 'git' is set on object 'Object Repository/Page_DEMOQA/input_Book Store API_searchBox'

13-03-2025T17:32:16 - [MESSAGE][PASSED] - Text 'git' is set on object 'Object Repository/Page_DEMOQA/input_Book Store API_searchBox'

13-03-2025T17:32:16 - [TEST_STEP][PASSED] - delay(5): Delayed 5 second(s)

13-03-2025T17:32:21 - [MESSAGE][PASSED] - Delayed 5 second(s)

13-03-2025T17:32:21 - [TEST_STEP][PASSED] - takeScreenshot(): Taking screenshot successfully

13-03-2025T17:32:22 - [MESSAGE][PASSED] - Taking screenshot successfully
[[ATTACHMENT|/Users/anggatrinugraha/git/Web-testing/Reports/20250313_173158/Web DemoQA dan Saucedemo/20250313_173159/1741861942017.png]]]]></system-out>
         <system-err><![CDATA[]]></system-err>
      </testcase>
      <system-out><![CDATA[13-03-2025T17:32:01 - [TEST_SUITE][PASSED] - Web DemoQA dan Saucedemo: Test Cases/test 2]]></system-out>
      <system-err><![CDATA[]]></system-err>
   </testsuite>
</testsuites>
