<?xml version="1.0" encoding="UTF-8"?>
<testsuites name="Add, Remove, dan Payment Cart" time="26.235" tests="3" failures="0" errors="0">
   <testsuite name="Add, Remove, dan Payment Cart" tests="3" failures="0" errors="0" time="26.235" skipped="0" timestamp="15-03-2025T08:02:20" hostname="anggatrinugraha - localhost" id="Test Suites/Add, Remove, dan Payment Cart">
      <properties>
         <property name="deviceName" value=""/>
         <property name="devicePlatform"/>
         <property name="logFolder" value="/Users/anggatrinugraha/git/Web-testing/Reports/20250315_080215/Add, Remove, dan Payment Cart/20250315_080215"/>
         <property name="logFiles" value="/Users/anggatrinugraha/git/Web-testing/Reports/20250315_080215/Add, Remove, dan Payment Cart/20250315_080215/execution0.log"/>
         <property name="attachments" value=""/>
         <property name="hostName" value="anggatrinugraha - localhost"/>
         <property name="os" value="Mac OS X 64bit"/>
         <property name="katalonVersion" value="10.1.0.223"/>
         <property name="browser" value="Chrome 134.0.6998.89"/>
         <property name="hostAddress" value="127.0.0.1"/>
         <property name="sessionId" value="e62078498f6867efd34ae9128b50051f"/>
         <property name="seleniumVersion" value="4.22.0"/>
         <property name="proxyInformation" value="ProxyInformation { proxyOption=NO_PROXY, proxyServerType=HTTP, username=, password=********, proxyServerAddress=, proxyServerPort=0, executionList=&quot;&quot;, isApplyToDesiredCapabilities=true }"/>
         <property name="platform" value="Mac OS X"/>
      </properties>
      <testcase name="Test Cases/POSITIVE - Add Cart" time="7.834" classname="Test Cases/POSITIVE - Add Cart" status="PASSED">
         <system-out><![CDATA[15-03-2025T08:02:20 - [TEST_CASE][PASSED] - Test Cases/POSITIVE - Add Cart: Test Cases/POSITIVE - Add Cart

15-03-2025T08:02:20 - [TEST_STEP][PASSED] - openBrowser(""): Browser is opened with url: ''

15-03-2025T08:02:20 - [MESSAGE][INFO] - Starting 'Chrome' driver

15-03-2025T08:02:20 - [MESSAGE][INFO] - Action delay is set to 0 milliseconds

15-03-2025T08:02:22 - [MESSAGE][PASSED] - Browser is opened with url: ''

15-03-2025T08:02:22 - [TEST_STEP][PASSED] - navigateToUrl("https://www.saucedemo.com/"): Navigate to 'https://www.saucedemo.com/' successfully

15-03-2025T08:02:23 - [MESSAGE][PASSED] - Navigate to 'https://www.saucedemo.com/' successfully

15-03-2025T08:02:23 - [TEST_STEP][PASSED] - setText(findTestObject("Object Repository/Page_Swag Labs/input_Swag Labs_user-name"), "standard_user"): Text 'standard_user' is set on object 'Object Repository/Page_Swag Labs/input_Swag Labs_user-name'

15-03-2025T08:02:25 - [MESSAGE][PASSED] - Text 'standard_user' is set on object 'Object Repository/Page_Swag Labs/input_Swag Labs_user-name'

15-03-2025T08:02:25 - [TEST_STEP][PASSED] - setEncryptedText(findTestObject("Object Repository/Page_Swag Labs/input_Swag Labs_password"), "qcu24s4901FyWDTwXGr6XA=="): Text ****** has been set on object 'Object Repository/Page_Swag Labs/input_Swag Labs_password'

15-03-2025T08:02:25 - [MESSAGE][PASSED] - Text ****** has been set on object 'Object Repository/Page_Swag Labs/input_Swag Labs_password'

15-03-2025T08:02:25 - [TEST_STEP][PASSED] - click(findTestObject("Object Repository/Page_Swag Labs/input_Swag Labs_login-button")): Object: 'Object Repository/Page_Swag Labs/input_Swag Labs_login-button' is clicked on

15-03-2025T08:02:26 - [MESSAGE][PASSED] - Object: 'Object Repository/Page_Swag Labs/input_Swag Labs_login-button' is clicked on

15-03-2025T08:02:26 - [TEST_STEP][PASSED] - click(findTestObject("Object Repository/Page_Swag Labs/button_Add to cart")): Object: 'Object Repository/Page_Swag Labs/button_Add to cart' is clicked on

15-03-2025T08:02:26 - [MESSAGE][PASSED] - Object: 'Object Repository/Page_Swag Labs/button_Add to cart' is clicked on

15-03-2025T08:02:26 - [TEST_STEP][PASSED] - click(findTestObject("Object Repository/Page_Swag Labs/a_1")): Object: 'Object Repository/Page_Swag Labs/a_1' is clicked on

15-03-2025T08:02:27 - [MESSAGE][PASSED] - Object: 'Object Repository/Page_Swag Labs/a_1' is clicked on

15-03-2025T08:02:27 - [TEST_STEP][PASSED] - click(findTestObject("Object Repository/Page_Swag Labs/button_Continue Shopping")): Object: 'Object Repository/Page_Swag Labs/button_Continue Shopping' is clicked on

15-03-2025T08:02:27 - [MESSAGE][PASSED] - Object: 'Object Repository/Page_Swag Labs/button_Continue Shopping' is clicked on

15-03-2025T08:02:27 - [TEST_STEP][PASSED] - click(findTestObject("Object Repository/Page_Swag Labs/button_Open Menu")): Object: 'Object Repository/Page_Swag Labs/button_Open Menu' is clicked on

15-03-2025T08:02:28 - [MESSAGE][PASSED] - Object: 'Object Repository/Page_Swag Labs/button_Open Menu' is clicked on

15-03-2025T08:02:28 - [TEST_STEP][PASSED] - click(findTestObject("Object Repository/Page_Swag Labs/a_Logout")): Object: 'Object Repository/Page_Swag Labs/a_Logout' is clicked on

15-03-2025T08:02:28 - [MESSAGE][PASSED] - Object: 'Object Repository/Page_Swag Labs/a_Logout' is clicked on]]></system-out>
         <system-err><![CDATA[]]></system-err>
      </testcase>
      <testcase name="Test Cases/POSITIVE - Remove Cart" time="8.227" classname="Test Cases/POSITIVE - Remove Cart" status="PASSED">
         <system-out><![CDATA[15-03-2025T08:02:28 - [TEST_CASE][PASSED] - Test Cases/POSITIVE - Remove Cart: Test Cases/POSITIVE - Remove Cart

15-03-2025T08:02:28 - [TEST_STEP][PASSED] - openBrowser(""): Browser is opened with url: ''

15-03-2025T08:02:28 - [MESSAGE][WARNING] - A browser is already opened. Closing browser and opening a new one

15-03-2025T08:02:28 - [MESSAGE][INFO] - Starting 'Chrome' driver

15-03-2025T08:02:28 - [MESSAGE][INFO] - Action delay is set to 0 milliseconds

15-03-2025T08:02:29 - [MESSAGE][PASSED] - Browser is opened with url: ''

15-03-2025T08:02:29 - [TEST_STEP][PASSED] - navigateToUrl("https://www.saucedemo.com/"): Navigate to 'https://www.saucedemo.com/' successfully

15-03-2025T08:02:29 - [MESSAGE][PASSED] - Navigate to 'https://www.saucedemo.com/' successfully

15-03-2025T08:02:29 - [TEST_STEP][PASSED] - setText(findTestObject("Object Repository/Page_Swag Labs/input_Swag Labs_user-name"), "standard_user"): Text 'standard_user' is set on object 'Object Repository/Page_Swag Labs/input_Swag Labs_user-name'

15-03-2025T08:02:32 - [MESSAGE][PASSED] - Text 'standard_user' is set on object 'Object Repository/Page_Swag Labs/input_Swag Labs_user-name'

15-03-2025T08:02:32 - [TEST_STEP][PASSED] - setEncryptedText(findTestObject("Object Repository/Page_Swag Labs/input_Swag Labs_password"), "qcu24s4901FyWDTwXGr6XA=="): Text ****** has been set on object 'Object Repository/Page_Swag Labs/input_Swag Labs_password'

15-03-2025T08:02:32 - [MESSAGE][PASSED] - Text ****** has been set on object 'Object Repository/Page_Swag Labs/input_Swag Labs_password'

15-03-2025T08:02:32 - [TEST_STEP][PASSED] - sendKeys(findTestObject("Object Repository/Page_Swag Labs/input_Swag Labs_password"), Keys.chord(ENTER)): Keys 'ENTER + ' sent to object: 'Object Repository/Page_Swag Labs/input_Swag Labs_password'

15-03-2025T08:02:32 - [MESSAGE][PASSED] - Keys 'ENTER + ' sent to object: 'Object Repository/Page_Swag Labs/input_Swag Labs_password'

15-03-2025T08:02:32 - [TEST_STEP][PASSED] - click(findTestObject("Object Repository/Page_Swag Labs/button_Add to cart")): Object: 'Object Repository/Page_Swag Labs/button_Add to cart' is clicked on

15-03-2025T08:02:33 - [MESSAGE][PASSED] - Object: 'Object Repository/Page_Swag Labs/button_Add to cart' is clicked on

15-03-2025T08:02:33 - [TEST_STEP][PASSED] - click(findTestObject("Object Repository/Page_Swag Labs/button_Remove")): Object: 'Object Repository/Page_Swag Labs/button_Remove' is clicked on

15-03-2025T08:02:33 - [MESSAGE][PASSED] - Object: 'Object Repository/Page_Swag Labs/button_Remove' is clicked on

15-03-2025T08:02:33 - [TEST_STEP][PASSED] - click(findTestObject("Object Repository/Page_Swag Labs/button_Add to cart_1")): Object: 'Object Repository/Page_Swag Labs/button_Add to cart_1' is clicked on

15-03-2025T08:02:34 - [MESSAGE][PASSED] - Object: 'Object Repository/Page_Swag Labs/button_Add to cart_1' is clicked on

15-03-2025T08:02:34 - [TEST_STEP][PASSED] - click(findTestObject("Object Repository/Page_Swag Labs/button_Add to cart")): Object: 'Object Repository/Page_Swag Labs/button_Add to cart' is clicked on

15-03-2025T08:02:34 - [MESSAGE][PASSED] - Object: 'Object Repository/Page_Swag Labs/button_Add to cart' is clicked on

15-03-2025T08:02:34 - [TEST_STEP][PASSED] - click(findTestObject("Object Repository/Page_Swag Labs/a_2")): Object: 'Object Repository/Page_Swag Labs/a_2' is clicked on

15-03-2025T08:02:35 - [MESSAGE][PASSED] - Object: 'Object Repository/Page_Swag Labs/a_2' is clicked on

15-03-2025T08:02:35 - [TEST_STEP][PASSED] - click(findTestObject("Object Repository/Page_Swag Labs/button_Continue Shopping")): Object: 'Object Repository/Page_Swag Labs/button_Continue Shopping' is clicked on

15-03-2025T08:02:35 - [MESSAGE][PASSED] - Object: 'Object Repository/Page_Swag Labs/button_Continue Shopping' is clicked on

15-03-2025T08:02:35 - [TEST_STEP][PASSED] - click(findTestObject("Object Repository/Page_Swag Labs/button_Remove")): Object: 'Object Repository/Page_Swag Labs/button_Remove' is clicked on

15-03-2025T08:02:36 - [MESSAGE][PASSED] - Object: 'Object Repository/Page_Swag Labs/button_Remove' is clicked on

15-03-2025T08:02:36 - [TEST_STEP][PASSED] - click(findTestObject("Object Repository/Page_Swag Labs/button_Remove_1")): Object: 'Object Repository/Page_Swag Labs/button_Remove_1' is clicked on

15-03-2025T08:02:36 - [MESSAGE][PASSED] - Object: 'Object Repository/Page_Swag Labs/button_Remove_1' is clicked on]]></system-out>
         <system-err><![CDATA[]]></system-err>
      </testcase>
      <testcase name="Test Cases/POSITIVE - Payment Web Saucedemo" time="10.031" classname="Test Cases/POSITIVE - Payment Web Saucedemo" status="PASSED">
         <system-out><![CDATA[15-03-2025T08:02:36 - [TEST_CASE][PASSED] - Test Cases/POSITIVE - Payment Web Saucedemo: Test Cases/POSITIVE - Payment Web Saucedemo

15-03-2025T08:02:36 - [TEST_STEP][PASSED] - openBrowser(""): Browser is opened with url: ''

15-03-2025T08:02:36 - [MESSAGE][WARNING] - A browser is already opened. Closing browser and opening a new one

15-03-2025T08:02:36 - [MESSAGE][INFO] - Starting 'Chrome' driver

15-03-2025T08:02:36 - [MESSAGE][INFO] - Action delay is set to 0 milliseconds

15-03-2025T08:02:37 - [MESSAGE][PASSED] - Browser is opened with url: ''

15-03-2025T08:02:37 - [TEST_STEP][PASSED] - navigateToUrl("https://www.saucedemo.com/"): Navigate to 'https://www.saucedemo.com/' successfully

15-03-2025T08:02:38 - [MESSAGE][PASSED] - Navigate to 'https://www.saucedemo.com/' successfully

15-03-2025T08:02:38 - [TEST_STEP][PASSED] - setText(findTestObject("Object Repository/Page_Swag Labs/input_Swag Labs_user-name"), "standard_user"): Text 'standard_user' is set on object 'Object Repository/Page_Swag Labs/input_Swag Labs_user-name'

15-03-2025T08:02:40 - [MESSAGE][PASSED] - Text 'standard_user' is set on object 'Object Repository/Page_Swag Labs/input_Swag Labs_user-name'

15-03-2025T08:02:40 - [TEST_STEP][PASSED] - setEncryptedText(findTestObject("Object Repository/Page_Swag Labs/input_Swag Labs_password"), "qcu24s4901FyWDTwXGr6XA=="): Text ****** has been set on object 'Object Repository/Page_Swag Labs/input_Swag Labs_password'

15-03-2025T08:02:40 - [MESSAGE][PASSED] - Text ****** has been set on object 'Object Repository/Page_Swag Labs/input_Swag Labs_password'

15-03-2025T08:02:40 - [TEST_STEP][PASSED] - click(findTestObject("Object Repository/Page_Swag Labs/input_Swag Labs_login-button")): Object: 'Object Repository/Page_Swag Labs/input_Swag Labs_login-button' is clicked on

15-03-2025T08:02:40 - [MESSAGE][PASSED] - Object: 'Object Repository/Page_Swag Labs/input_Swag Labs_login-button' is clicked on

15-03-2025T08:02:40 - [TEST_STEP][PASSED] - click(findTestObject("Object Repository/Page_Swag Labs/button_Add to cart")): Object: 'Object Repository/Page_Swag Labs/button_Add to cart' is clicked on

15-03-2025T08:02:41 - [MESSAGE][PASSED] - Object: 'Object Repository/Page_Swag Labs/button_Add to cart' is clicked on

15-03-2025T08:02:41 - [TEST_STEP][PASSED] - click(findTestObject("Object Repository/Page_Swag Labs/button_Add to cart_1")): Object: 'Object Repository/Page_Swag Labs/button_Add to cart_1' is clicked on

15-03-2025T08:02:41 - [MESSAGE][PASSED] - Object: 'Object Repository/Page_Swag Labs/button_Add to cart_1' is clicked on

15-03-2025T08:02:41 - [TEST_STEP][PASSED] - click(findTestObject("Object Repository/Page_Swag Labs/a_2")): Object: 'Object Repository/Page_Swag Labs/a_2' is clicked on

15-03-2025T08:02:42 - [MESSAGE][PASSED] - Object: 'Object Repository/Page_Swag Labs/a_2' is clicked on

15-03-2025T08:02:42 - [TEST_STEP][PASSED] - click(findTestObject("Object Repository/Page_Swag Labs/button_Checkout")): Object: 'Object Repository/Page_Swag Labs/button_Checkout' is clicked on

15-03-2025T08:02:42 - [MESSAGE][PASSED] - Object: 'Object Repository/Page_Swag Labs/button_Checkout' is clicked on

15-03-2025T08:02:42 - [TEST_STEP][PASSED] - setText(findTestObject("Object Repository/Page_Swag Labs/input_Checkout Your Information_firstName"), "angga"): Text 'angga' is set on object 'Object Repository/Page_Swag Labs/input_Checkout Your Information_firstName'

15-03-2025T08:02:43 - [MESSAGE][PASSED] - Text 'angga' is set on object 'Object Repository/Page_Swag Labs/input_Checkout Your Information_firstName'

15-03-2025T08:02:43 - [TEST_STEP][PASSED] - setText(findTestObject("Object Repository/Page_Swag Labs/input_Checkout Your Information_lastName"), "trinugraha"): Text 'trinugraha' is set on object 'Object Repository/Page_Swag Labs/input_Checkout Your Information_lastName'

15-03-2025T08:02:44 - [MESSAGE][PASSED] - Text 'trinugraha' is set on object 'Object Repository/Page_Swag Labs/input_Checkout Your Information_lastName'

15-03-2025T08:02:44 - [TEST_STEP][PASSED] - setText(findTestObject("Object Repository/Page_Swag Labs/input_Checkout Your Information_postalCode"), "16451"): Text '16451' is set on object 'Object Repository/Page_Swag Labs/input_Checkout Your Information_postalCode'

15-03-2025T08:02:44 - [MESSAGE][PASSED] - Text '16451' is set on object 'Object Repository/Page_Swag Labs/input_Checkout Your Information_postalCode'

15-03-2025T08:02:44 - [TEST_STEP][PASSED] - scrollToElement(findTestObject("Object Repository/Page_Swag Labs/input_Cancel_continue"), 0): Scroll to object 'Object Repository/Page_Swag Labs/input_Cancel_continue' successfully

15-03-2025T08:02:44 - [MESSAGE][WARNING] - Timeout '0' is invalid. Using default page load timeout: '30'

15-03-2025T08:02:45 - [MESSAGE][PASSED] - Scroll to object 'Object Repository/Page_Swag Labs/input_Cancel_continue' successfully

15-03-2025T08:02:45 - [TEST_STEP][PASSED] - click(findTestObject("Object Repository/Page_Swag Labs/input_Cancel_continue")): Object: 'Object Repository/Page_Swag Labs/input_Cancel_continue' is clicked on

15-03-2025T08:02:45 - [MESSAGE][PASSED] - Object: 'Object Repository/Page_Swag Labs/input_Cancel_continue' is clicked on

15-03-2025T08:02:45 - [TEST_STEP][PASSED] - click(findTestObject("Object Repository/Page_Swag Labs/button_Finish")): Object: 'Object Repository/Page_Swag Labs/button_Finish' is clicked on

15-03-2025T08:02:46 - [MESSAGE][PASSED] - Object: 'Object Repository/Page_Swag Labs/button_Finish' is clicked on

15-03-2025T08:02:46 - [TEST_STEP][PASSED] - click(findTestObject("Object Repository/Page_Swag Labs/button_Back Home")): Object: 'Object Repository/Page_Swag Labs/button_Back Home' is clicked on

15-03-2025T08:02:46 - [MESSAGE][PASSED] - Object: 'Object Repository/Page_Swag Labs/button_Back Home' is clicked on]]></system-out>
         <system-err><![CDATA[]]></system-err>
      </testcase>
      <system-out><![CDATA[15-03-2025T08:02:20 - [TEST_SUITE][PASSED] - Add, Remove, dan Payment Cart: Test Cases/POSITIVE - Payment Web Saucedemo]]></system-out>
      <system-err><![CDATA[]]></system-err>
   </testsuite>
</testsuites>
